#
# There is insufficient memory for the Java Runtime Environment to continue.
# Native memory allocation (mmap) failed to map 100663296 bytes for G1 virtual space
# Possible reasons:
#   The system is out of physical RAM or swap space
#   The process is running with CompressedOops enabled, and the Java Heap may be blocking the growth of the native heap
# Possible solutions:
#   Reduce memory load on the system
#   Increase physical memory or swap space
#   Check if swap backing store is full
#   Decrease Java heap size (-Xmx/-Xms)
#   Decrease number of Java threads
#   Decrease Java thread stack sizes (-Xss)
#   Set larger code cache with -XX:ReservedCodeCacheSize=
#   JVM is running with Unscaled Compressed Oops mode in which the Java heap is
#     placed in the first 4GB address space. The Java Heap base address is the
#     maximum limit for the native heap growth. Please use -XX:HeapBaseMinAddress
#     to set the Java Heap base and to place the Java Heap above 4GB virtual address.
# This output file may be truncated or incomplete.
#
#  Out of Memory Error (os_windows.cpp:3747), pid=5304, tid=5224
#
# JRE version:  (17.0.3+7) (build )
# Java VM: OpenJDK 64-Bit Server VM (17.0.3+7-b469.37, mixed mode, sharing, tiered, compressed oops, compressed class ptrs, g1 gc, windows-amd64)
# No core dump will be written. Minidumps are not enabled by default on client versions of Windows
#

---------------  S U M M A R Y ------------

Command Line: git4idea.http.GitAskPassApp Username for 'https://github.com': 

Host: Intel(R) Celeron(R) CPU B830 @ 1.80GHz, 2 cores, 5G,  Windows 10 , 64 bit Build 19041 (10.0.19041.2788)
Time: Sun Apr 30 17:05:17 2023 ora legale Europa occidentale elapsed time: 0.024862 seconds (0d 0h 0m 0s)

---------------  T H R E A D  ---------------

Current thread (0x00000183cdab0680):  JavaThread "Unknown thread" [_thread_in_vm, id=5224, stack(0x000000132a900000,0x000000132aa00000)]

Stack: [0x000000132a900000,0x000000132aa00000]
Native frames: (J=compiled Java code, j=interpreted, Vv=VM code, C=native code)
V  [jvm.dll+0x681f8a]
V  [jvm.dll+0x83e374]
V  [jvm.dll+0x83fb1e]
V  [jvm.dll+0x840183]
V  [jvm.dll+0x2492a5]
V  [jvm.dll+0x67ee59]
V  [jvm.dll+0x67355a]
V  [jvm.dll+0x308fab]
V  [jvm.dll+0x310466]
V  [jvm.dll+0x3601de]
V  [jvm.dll+0x36040f]
V  [jvm.dll+0x2df098]
V  [jvm.dll+0x2e0004]
V  [jvm.dll+0x80fc61]
V  [jvm.dll+0x36df61]
V  [jvm.dll+0x7ef17c]
V  [jvm.dll+0x3f10ef]
V  [jvm.dll+0x3f2c31]
C  [jli.dll+0x526b]
C  [ucrtbase.dll+0x21bb2]
C  [KERNEL32.DLL+0x17604]
C  [ntdll.dll+0x526a1]


---------------  P R O C E S S  ---------------

Threads class SMR info:
_java_thread_list=0x00007ffbe5f86f18, length=0, elements={
}

Java Threads: ( => current thread )

Other Threads:
  0x00000183cdaf9f80 GCTaskThread "GC Thread#0" [stack: 0x000000132aa00000,0x000000132ab00000] [id=7880]
  0x00000183cdb07b90 ConcurrentGCThread "G1 Main Marker" [stack: 0x000000132ab00000,0x000000132ac00000] [id=7368]
  0x00000183cdb085a0 ConcurrentGCThread "G1 Conc#0" [stack: 0x000000132ac00000,0x000000132ad00000] [id=980]

[error occurred during error reporting (printing all threads), id 0xc0000005, EXCEPTION_ACCESS_VIOLATION (0xc0000005) at pc=0x00007ffbe573fc57]

VM state: not at safepoint (not fully initialized)

VM Mutex/Monitor currently owned by a thread:  ([mutex/lock_event])
[0x00000183cdaaa4b0] Heap_lock - owner thread: 0x00000183cdab0680

Heap address: 0x00000000a1a00000, size: 1510 MB, Compressed Oops mode: 32-bit

CDS archive(s) mapped at: [0x0000000000000000-0x0000000000000000-0x0000000000000000), size 0, SharedBaseAddress: 0x0000000800000000, ArchiveRelocationMode: 0.
Narrow klass base: 0x0000000000000000, Narrow klass shift: 0, Narrow klass range: 0x0

GC Precious Log:
<Empty>

Heap:
 garbage-first heap   total 0K, used 0K [0x00000000a1a00000, 0x0000000100000000)
  region size 1024K, 0 young (0K), 0 survivors (0K)

[error occurred during error reporting (printing heap information), id 0xc0000005, EXCEPTION_ACCESS_VIOLATION (0xc0000005) at pc=0x00007ffbe5b2bbd9]

GC Heap History (0 events):
No events

Deoptimization events (0 events):
No events

Classes unloaded (0 events):
No events

Classes redefined (0 events):
No events

Internal exceptions (0 events):
No events

VM Operations (0 events):
No events

Events (1 events):
Event: 0.013 Loaded shared library C:\Program Files\JetBrains\IntelliJ IDEA Community Edition 2022.2.1\jbr\bin\java.dll


Dynamic libraries:
0x00007ff6b6bd0000 - 0x00007ff6b6bda000 	C:\Program Files\JetBrains\IntelliJ IDEA Community Edition 2022.2.1\jbr\bin\java.exe
0x00007ffc0df90000 - 0x00007ffc0e188000 	C:\Windows\SYSTEM32\ntdll.dll
0x00007ffc0c2a0000 - 0x00007ffc0c35f000 	C:\Windows\System32\KERNEL32.DLL
0x00007ffc0b840000 - 0x00007ffc0bb1a000 	C:\Windows\System32\KERNELBASE.dll
0x00007ffc0b710000 - 0x00007ffc0b810000 	C:\Windows\System32\ucrtbase.dll
0x00007ffc05470000 - 0x00007ffc0548b000 	C:\Program Files\JetBrains\IntelliJ IDEA Community Edition 2022.2.1\jbr\bin\VCRUNTIME140.dll
0x00007ffc04d30000 - 0x00007ffc04d47000 	C:\Program Files\JetBrains\IntelliJ IDEA Community Edition 2022.2.1\jbr\bin\jli.dll
0x00007ffc0d320000 - 0x00007ffc0d4bd000 	C:\Windows\System32\USER32.dll
0x00007ffbf8f80000 - 0x00007ffbf921a000 	C:\Windows\WinSxS\amd64_microsoft.windows.common-controls_6595b64144ccf1df_6.0.19041.1110_none_60b5254171f9507e\COMCTL32.dll
0x00007ffc0b810000 - 0x00007ffc0b832000 	C:\Windows\System32\win32u.dll
0x00007ffc0bff0000 - 0x00007ffc0c01b000 	C:\Windows\System32\GDI32.dll
0x00007ffc0d7d0000 - 0x00007ffc0d86e000 	C:\Windows\System32\msvcrt.dll
0x00007ffc0bb20000 - 0x00007ffc0bc30000 	C:\Windows\System32\gdi32full.dll
0x00007ffc0bed0000 - 0x00007ffc0bf6d000 	C:\Windows\System32\msvcp_win.dll
0x00007ffc0c210000 - 0x00007ffc0c240000 	C:\Windows\System32\IMM32.DLL
0x00007ffc06730000 - 0x00007ffc0673c000 	C:\Program Files\JetBrains\IntelliJ IDEA Community Edition 2022.2.1\jbr\bin\vcruntime140_1.dll
0x00007ffbee070000 - 0x00007ffbee0fd000 	C:\Program Files\JetBrains\IntelliJ IDEA Community Edition 2022.2.1\jbr\bin\msvcp140.dll
0x00007ffbe5450000 - 0x00007ffbe60b8000 	C:\Program Files\JetBrains\IntelliJ IDEA Community Edition 2022.2.1\jbr\bin\server\jvm.dll
0x00007ffc0c490000 - 0x00007ffc0c53e000 	C:\Windows\System32\ADVAPI32.dll
0x00007ffc0deb0000 - 0x00007ffc0df4c000 	C:\Windows\System32\sechost.dll
0x00007ffc0c610000 - 0x00007ffc0c736000 	C:\Windows\System32\RPCRT4.dll
0x00007ffc0d680000 - 0x00007ffc0d688000 	C:\Windows\System32\PSAPI.DLL
0x00007ffc08e60000 - 0x00007ffc08e69000 	C:\Windows\SYSTEM32\WSOCK32.dll
0x00007ffc0c540000 - 0x00007ffc0c5ab000 	C:\Windows\System32\WS2_32.dll
0x00007ffbfc320000 - 0x00007ffbfc347000 	C:\Windows\SYSTEM32\WINMM.dll
0x00007ffbfc0a0000 - 0x00007ffbfc0aa000 	C:\Windows\SYSTEM32\VERSION.dll
0x00007ffc09560000 - 0x00007ffc09572000 	C:\Windows\SYSTEM32\kernel.appcore.dll
0x00007ffc06ad0000 - 0x00007ffc06ada000 	C:\Program Files\JetBrains\IntelliJ IDEA Community Edition 2022.2.1\jbr\bin\jimage.dll
0x00007ffbfac60000 - 0x00007ffbfae44000 	C:\Windows\SYSTEM32\DBGHELP.DLL
0x00007ffbfa890000 - 0x00007ffbfa8c4000 	C:\Windows\SYSTEM32\dbgcore.DLL
0x00007ffc0bd90000 - 0x00007ffc0be12000 	C:\Windows\System32\bcryptPrimitives.dll
0x00007ffc049e0000 - 0x00007ffc04a05000 	C:\Program Files\JetBrains\IntelliJ IDEA Community Edition 2022.2.1\jbr\bin\java.dll

dbghelp: loaded successfully - version: 4.0.5 - missing functions: none
symbol engine: initialized successfully - sym options: 0x614 - pdb path: .;C:\Program Files\JetBrains\IntelliJ IDEA Community Edition 2022.2.1\jbr\bin;C:\Windows\SYSTEM32;C:\Windows\WinSxS\amd64_microsoft.windows.common-controls_6595b64144ccf1df_6.0.19041.1110_none_60b5254171f9507e;C:\Program Files\JetBrains\IntelliJ IDEA Community Edition 2022.2.1\jbr\bin\server

VM Arguments:
java_command: git4idea.http.GitAskPassApp Username for 'https://github.com': 
java_class_path (initial): C:/Program Files/JetBrains/IntelliJ IDEA Community Edition 2022.2.1/plugins/git4idea/lib/git4idea-rt.jar;C:/Program Files/JetBrains/IntelliJ IDEA Community Edition 2022.2.1/lib/externalProcess-rt.jar;C:/Program Files/JetBrains/IntelliJ IDEA Community Edition 2022.2.1/lib/app.jar;C:/Program Files/JetBrains/IntelliJ IDEA Community Edition 2022.2.1/lib/3rd-party-rt.jar
Launcher Type: SUN_STANDARD

[Global flags]
     intx CICompilerCount                          = 2                                         {product} {ergonomic}
     uint ConcGCThreads                            = 1                                         {product} {ergonomic}
     uint G1ConcRefinementThreads                  = 2                                         {product} {ergonomic}
   size_t G1HeapRegionSize                         = 1048576                                   {product} {ergonomic}
    uintx GCDrainStackTargetSize                   = 64                                        {product} {ergonomic}
   size_t InitialHeapSize                          = 100663296                                 {product} {ergonomic}
   size_t MarkStackSize                            = 4194304                                   {product} {ergonomic}
   size_t MaxHeapSize                              = 1583349760                                {product} {ergonomic}
   size_t MinHeapDeltaBytes                        = 1048576                                   {product} {ergonomic}
   size_t MinHeapSize                              = 8388608                                   {product} {ergonomic}
    uintx NonNMethodCodeHeapSize                   = 5826188                                {pd product} {ergonomic}
    uintx NonProfiledCodeHeapSize                  = 122916026                              {pd product} {ergonomic}
    uintx ProfiledCodeHeapSize                     = 122916026                              {pd product} {ergonomic}
    uintx ReservedCodeCacheSize                    = 251658240                              {pd product} {ergonomic}
     bool SegmentedCodeCache                       = true                                      {product} {ergonomic}
   size_t SoftMaxHeapSize                          = 1583349760                             {manageable} {ergonomic}
     bool UseCompressedClassPointers               = true                           {product lp64_product} {ergonomic}
     bool UseCompressedOops                        = true                           {product lp64_product} {ergonomic}
     bool UseG1GC                                  = true                                      {product} {ergonomic}
     bool UseLargePagesIndividualAllocation        = false                                  {pd product} {ergonomic}

Logging:
Log output configuration:
 #0: stdout all=warning uptime,level,tags
 #1: stderr all=off uptime,level,tags

Environment Variables:
PATH=C:\Program Files\Git\mingw64\libexec\git-core;C:\Program Files\Git\mingw64\libexec\git-core;C:\Program Files\Git\mingw64\bin;C:\Program Files\Git\usr\bin;C:\Users\Utente-PC\bin;C:\Program Files\Common Files\Oracle\Java\javapath;C:\Program Files (x86)\NVIDIA Corporation\PhysX\Common;C:\Windows\system32;C:\Windows;C:\Windows\System32\Wbem;C:\Windows\System32\WindowsPowerShell\v1.0;C:\Program Files\nodejs;C:\Program Files\Git\cmd;C:\Program Files\MySQL\MySQL Shell 8.0\bin;C:\Users\Utente-PC\AppData\Local\Microsoft\WindowsApps;C:\Users\Utente-PC\AppData\Local\Programs\Microsoft VS Code\bin;C:\Users\Utente-PC\AppData\Roaming\npm
USERNAME=Utente-PC
DISPLAY=:0.0
LC_ALL=en_US.UTF-8
OS=Windows_NT
PROCESSOR_IDENTIFIER=Intel64 Family 6 Model 42 Stepping 7, GenuineIntel



---------------  S Y S T E M  ---------------

OS:
 Windows 10 , 64 bit Build 19041 (10.0.19041.2788)
OS uptime: 0 days 2:28 hours

CPU: total 2 (initial active 2) (2 cores per cpu, 1 threads per core) family 6 model 42 stepping 7 microcode 0x2f, cx8, cmov, fxsr, mmx, sse, sse2, sse3, ssse3, sse4.1, sse4.2, popcnt, tsc, tscinvbit, clmul, clflush

Memory: 4k page, system-wide physical 6033M (762M free)
TotalPageFile size 6033M (AvailPageFile size 70M)
current process WorkingSet (physical memory assigned to process): 10M, peak: 10M
current process commit charge ("private bytes"): 47M, peak: 143M

vm_info: OpenJDK 64-Bit Server VM (17.0.3+7-b469.37) for windows-amd64 JRE (17.0.3+7-b469.37), built on 2022-08-01 by "builduser" with MS VC++ 16.10 / 16.11 (VS2019)

END.
