#
# There is insufficient memory for the Java Runtime Environment to continue.
# Native memory allocation (malloc) failed to allocate 131088 bytes for Chunk::new
# Possible reasons:
#   The system is out of physical RAM or swap space
#   The process is running with CompressedOops enabled, and the Java Heap may be blocking the growth of the native heap
# Possible solutions:
#   Reduce memory load on the system
#   Increase physical memory or swap space
#   Check if swap backing store is full
#   Decrease Java heap size (-Xmx/-Xms)
#   Decrease number of Java threads
#   Decrease Java thread stack sizes (-Xss)
#   Set larger code cache with -XX:ReservedCodeCacheSize=
#   JVM is running with Unscaled Compressed Oops mode in which the Java heap is
#     placed in the first 4GB address space. The Java Heap base address is the
#     maximum limit for the native heap growth. Please use -XX:HeapBaseMinAddress
#     to set the Java Heap base and to place the Java Heap above 4GB virtual address.
# This output file may be truncated or incomplete.
#
#  Out of Memory Error (arena.cpp:184), pid=5648, tid=7516
#
# JRE version: OpenJDK Runtime Environment (19.0.2+7) (build 19.0.2+7-44)
# Java VM: OpenJDK 64-Bit Server VM (19.0.2+7-44, mixed mode, sharing, tiered, compressed oops, compressed class ptrs, g1 gc, windows-amd64)
# No core dump will be written. Minidumps are not enabled by default on client versions of Windows
#

---------------  S U M M A R Y ------------

Command Line: -javaagent:C:\Program Files\JetBrains\IntelliJ IDEA Community Edition 2022.2.1\lib\idea_rt.jar=50674:C:\Program Files\JetBrains\IntelliJ IDEA Community Edition 2022.2.1\bin -Dfile.encoding=UTF-8 -Dsun.stdout.encoding=UTF-8 -Dsun.stderr.encoding=UTF-8 co.develhope.mockdb.MockDbApplication

Host: Intel(R) Celeron(R) CPU B830 @ 1.80GHz, 2 cores, 5G,  Windows 10 , 64 bit Build 19041 (10.0.19041.2788)
Time: Sun May  7 17:25:01 2023 ora legale Europa occidentale elapsed time: 54.670483 seconds (0d 0h 0m 54s)

---------------  T H R E A D  ---------------

Current thread (0x000002ad541ac460):  JavaThread "C2 CompilerThread0" daemon [_thread_in_native, id=7516, stack(0x000000ae44100000,0x000000ae44200000)]


Current CompileTask:
C2:  54670 4501   !   4       java.net.URL::<init> (543 bytes)

Stack: [0x000000ae44100000,0x000000ae44200000]
Native frames: (J=compiled Java code, j=interpreted, Vv=VM code, C=native code)
V  [jvm.dll+0x6ee21a]
V  [jvm.dll+0x85765e]
V  [jvm.dll+0x85904e]
V  [jvm.dll+0x859703]
V  [jvm.dll+0x28298f]
V  [jvm.dll+0xc9adf]
V  [jvm.dll+0xc9e65]
V  [jvm.dll+0xc9c04]
V  [jvm.dll+0x6cc6fc]
V  [jvm.dll+0x67a556]
V  [jvm.dll+0x67fcb7]
V  [jvm.dll+0x680c0c]
V  [jvm.dll+0x67f064]
V  [jvm.dll+0x24c25e]
V  [jvm.dll+0x24b781]
V  [jvm.dll+0x1d6ce1]
V  [jvm.dll+0x25b25a]
V  [jvm.dll+0x2596e8]
V  [jvm.dll+0x807588]
V  [jvm.dll+0x80125a]
V  [jvm.dll+0x6ecf0b]
C  [ucrtbase.dll+0x21bb2]
C  [KERNEL32.DLL+0x17604]
C  [ntdll.dll+0x526a1]


---------------  P R O C E S S  ---------------

Threads class SMR info:
_java_thread_list=0x000002ad5aa4a4a0, length=31, elements={
0x000002ad541a2db0, 0x000002ad541a3d40, 0x000002ad541a4b30, 0x000002ad541a8580,
0x000002ad541a9ec0, 0x000002ad541aa7f0, 0x000002ad541ac460, 0x000002ad5420cdb0,
0x000002ad5421f4c0, 0x000002ad58465540, 0x000002ad58646700, 0x000002ad58646c40,
0x000002ad5b13cae0, 0x000002ad59d8e2b0, 0x000002ad59d8dd60, 0x000002ad59d8e800,
0x000002ad589220f0, 0x000002ad5891cbf0, 0x000002ad5891c150, 0x000002ad5891c6a0,
0x000002ad58923630, 0x000002ad58922640, 0x000002ad58921ba0, 0x000002ad5891dbe0,
0x000002ad5891d690, 0x000002ad58922b90, 0x000002ad5891e680, 0x000002ad5891bc00,
0x000002ad589230e0, 0x000002ad5891d140, 0x000002ad5891e130
}

Java Threads: ( => current thread )
  0x000002ad541a2db0 JavaThread "Reference Handler" daemon [_thread_blocked, id=6364, stack(0x000000ae43b00000,0x000000ae43c00000)]
  0x000002ad541a3d40 JavaThread "Finalizer" daemon [_thread_blocked, id=1224, stack(0x000000ae43c00000,0x000000ae43d00000)]
  0x000002ad541a4b30 JavaThread "Signal Dispatcher" daemon [_thread_blocked, id=5572, stack(0x000000ae43d00000,0x000000ae43e00000)]
  0x000002ad541a8580 JavaThread "Attach Listener" daemon [_thread_blocked, id=1692, stack(0x000000ae43e00000,0x000000ae43f00000)]
  0x000002ad541a9ec0 JavaThread "Service Thread" daemon [_thread_blocked, id=7292, stack(0x000000ae43f00000,0x000000ae44000000)]
  0x000002ad541aa7f0 JavaThread "Monitor Deflation Thread" daemon [_thread_blocked, id=6864, stack(0x000000ae44000000,0x000000ae44100000)]
=>0x000002ad541ac460 JavaThread "C2 CompilerThread0" daemon [_thread_in_native, id=7516, stack(0x000000ae44100000,0x000000ae44200000)]
  0x000002ad5420cdb0 JavaThread "C1 CompilerThread0" daemon [_thread_blocked, id=5116, stack(0x000000ae44200000,0x000000ae44300000)]
  0x000002ad5421f4c0 JavaThread "Sweeper thread" daemon [_thread_blocked, id=8920, stack(0x000000ae44300000,0x000000ae44400000)]
  0x000002ad58465540 JavaThread "Common-Cleaner" daemon [_thread_blocked, id=1516, stack(0x000000ae44400000,0x000000ae44500000)]
  0x000002ad58646700 JavaThread "Monitor Ctrl-Break" daemon [_thread_in_native, id=5056, stack(0x000000ae44500000,0x000000ae44600000)]
  0x000002ad58646c40 JavaThread "Notification Thread" daemon [_thread_blocked, id=7780, stack(0x000000ae44600000,0x000000ae44700000)]
  0x000002ad5b13cae0 JavaThread "HikariPool-1 housekeeper" daemon [_thread_blocked, id=8304, stack(0x000000ae44b00000,0x000000ae44c00000)]
  0x000002ad59d8e2b0 JavaThread "Catalina-utility-1" [_thread_blocked, id=3832, stack(0x000000ae44d00000,0x000000ae44e00000)]
  0x000002ad59d8dd60 JavaThread "Catalina-utility-2" [_thread_blocked, id=3300, stack(0x000000ae44e00000,0x000000ae44f00000)]
  0x000002ad59d8e800 JavaThread "container-0" [_thread_blocked, id=4164, stack(0x000000ae44f00000,0x000000ae45000000)]
  0x000002ad589220f0 JavaThread "File Watcher" daemon [_thread_blocked, id=3724, stack(0x000000ae45000000,0x000000ae45100000)]
  0x000002ad5891cbf0 JavaThread "Live Reload Server" daemon [_thread_in_native, id=6764, stack(0x000000ae45100000,0x000000ae45200000)]
  0x000002ad5891c150 JavaThread "http-nio-8080-exec-1" daemon [_thread_in_vm, id=1256, stack(0x000000ae45200000,0x000000ae45300000)]
  0x000002ad5891c6a0 JavaThread "http-nio-8080-exec-2" daemon [_thread_blocked, id=7880, stack(0x000000ae45300000,0x000000ae45400000)]
  0x000002ad58923630 JavaThread "http-nio-8080-exec-3" daemon [_thread_blocked, id=6944, stack(0x000000ae45400000,0x000000ae45500000)]
  0x000002ad58922640 JavaThread "http-nio-8080-exec-4" daemon [_thread_blocked, id=6316, stack(0x000000ae45500000,0x000000ae45600000)]
  0x000002ad58921ba0 JavaThread "http-nio-8080-exec-5" daemon [_thread_blocked, id=2644, stack(0x000000ae45600000,0x000000ae45700000)]
  0x000002ad5891dbe0 JavaThread "http-nio-8080-exec-6" daemon [_thread_blocked, id=6324, stack(0x000000ae45700000,0x000000ae45800000)]
  0x000002ad5891d690 JavaThread "http-nio-8080-exec-7" daemon [_thread_blocked, id=8856, stack(0x000000ae45800000,0x000000ae45900000)]
  0x000002ad58922b90 JavaThread "http-nio-8080-exec-8" daemon [_thread_blocked, id=7440, stack(0x000000ae45900000,0x000000ae45a00000)]
  0x000002ad5891e680 JavaThread "http-nio-8080-exec-9" daemon [_thread_blocked, id=9048, stack(0x000000ae45a00000,0x000000ae45b00000)]
  0x000002ad5891bc00 JavaThread "http-nio-8080-exec-10" daemon [_thread_blocked, id=1784, stack(0x000000ae45b00000,0x000000ae45c00000)]
  0x000002ad589230e0 JavaThread "http-nio-8080-Poller" daemon [_thread_in_native, id=8080, stack(0x000000ae45c00000,0x000000ae45d00000)]
  0x000002ad5891d140 JavaThread "http-nio-8080-Acceptor" daemon [_thread_in_native, id=1348, stack(0x000000ae45d00000,0x000000ae45e00000)]
  0x000002ad5891e130 JavaThread "DestroyJavaVM" [_thread_blocked, id=1936, stack(0x000000ae43400000,0x000000ae43500000)]

Other Threads:
  0x000002ad54189170 VMThread "VM Thread" [stack: 0x000000ae43a00000,0x000000ae43b00000] [id=3684]
  0x000002ad586b9690 WatcherThread "VM Periodic Task Thread" [stack: 0x000000ae44700000,0x000000ae44800000] [id=428]
  0x000002ad35af3320 WorkerThread "GC Thread#0" [stack: 0x000000ae43500000,0x000000ae43600000] [id=3040]
  0x000002ad58619630 WorkerThread "GC Thread#1" [stack: 0x000000ae44800000,0x000000ae44900000] [id=8692]
  0x000002ad35afff40 ConcurrentGCThread "G1 Main Marker" [stack: 0x000000ae43600000,0x000000ae43700000] [id=2128]
  0x000002ad35b01f20 WorkerThread "G1 Conc#0" [stack: 0x000000ae43700000,0x000000ae43800000] [id=7624]
  0x000002ad35b64730 ConcurrentGCThread "G1 Refine#0" [stack: 0x000000ae43800000,0x000000ae43900000] [id=6420]
  0x000002ad35b65410 ConcurrentGCThread "G1 Service" [stack: 0x000000ae43900000,0x000000ae43a00000] [id=5688]

Threads with active compile tasks:
C2 CompilerThread0    54707 4501   !   4       java.net.URL::<init> (543 bytes)

VM state: not at safepoint (normal execution)

VM Mutex/Monitor currently owned by a thread: None

Heap address: 0x00000000a1a00000, size: 1510 MB, Compressed Oops mode: 32-bit

CDS archive(s) mapped at: [0x0000000800000000-0x0000000800c40000-0x0000000800c40000), size 12845056, SharedBaseAddress: 0x0000000800000000, ArchiveRelocationMode: 0.
Compressed class space mapped at: 0x0000000801000000-0x0000000841000000, reserved size: 1073741824
Narrow klass base: 0x0000000800000000, Narrow klass shift: 0, Narrow klass range: 0x100000000

GC Precious Log:
 CardTable entry size: 512
 Card Set container configuration: InlinePtr #cards 5 size 8 Array Of Cards #cards 12 size 40 Howl #buckets 4 coarsen threshold 1843 Howl Bitmap #cards 512 size 80 coarsen threshold 460 Card regions per heap region 1 cards per card region 2048
 CPUs: 2 total, 2 available
 Memory: 6033M
 Large Page Support: Disabled
 NUMA Support: Disabled
 Compressed Oops: Enabled (32-bit)
 Heap Region Size: 1M
 Heap Min Capacity: 8M
 Heap Initial Capacity: 96M
 Heap Max Capacity: 1510M
 Pre-touch: Disabled
 Parallel Workers: 2
 Concurrent Workers: 1
 Concurrent Refinement Workers: 2
 Periodic GC: Disabled

Heap:
 garbage-first heap   total 54272K, used 22854K [0x00000000a1a00000, 0x0000000100000000)
  region size 1024K, 4 young (4096K), 2 survivors (2048K)
 Metaspace       used 51384K, committed 51840K, reserved 1114112K
  class space    used 6612K, committed 6784K, reserved 1048576K

Heap Regions: E=young(eden), S=young(survivor), O=old, HS=humongous(starts), HC=humongous(continues), CS=collection set, F=free, OA=open archive, CA=closed archive, TAMS=top-at-mark-start (previous, next)
|   0|0x00000000a1a00000, 0x00000000a1b00000, 0x00000000a1b00000|100%|HS|  |TAMS 0x00000000a1b00000, 0x00000000a1a00000| Complete 
|   1|0x00000000a1b00000, 0x00000000a1c00000, 0x00000000a1c00000|100%| O|  |TAMS 0x00000000a1b00000, 0x00000000a1b00000| Untracked 
|   2|0x00000000a1c00000, 0x00000000a1d00000, 0x00000000a1d00000|100%| O|  |TAMS 0x00000000a1d00000, 0x00000000a1c00000| Untracked 
|   3|0x00000000a1d00000, 0x00000000a1e00000, 0x00000000a1e00000|100%| O|  |TAMS 0x00000000a1e00000, 0x00000000a1d00000| Untracked 
|   4|0x00000000a1e00000, 0x00000000a1f00000, 0x00000000a1f00000|100%| O|  |TAMS 0x00000000a1f00000, 0x00000000a1e00000| Untracked 
|   5|0x00000000a1f00000, 0x00000000a2000000, 0x00000000a2000000|100%| O|  |TAMS 0x00000000a2000000, 0x00000000a1f00000| Untracked 
|   6|0x00000000a2000000, 0x00000000a2100000, 0x00000000a2100000|100%| O|  |TAMS 0x00000000a2100000, 0x00000000a2000000| Untracked 
|   7|0x00000000a2100000, 0x00000000a21f3800, 0x00000000a2200000| 95%| O|  |TAMS 0x00000000a21f3800, 0x00000000a2100000| Untracked 
|   8|0x00000000a2200000, 0x00000000a2300000, 0x00000000a2300000|100%| O|  |TAMS 0x00000000a2300000, 0x00000000a2200000| Untracked 
|   9|0x00000000a2300000, 0x00000000a2400000, 0x00000000a2400000|100%| O|  |TAMS 0x00000000a2400000, 0x00000000a2300000| Untracked 
|  10|0x00000000a2400000, 0x00000000a2500000, 0x00000000a2500000|100%| O|  |TAMS 0x00000000a2500000, 0x00000000a2400000| Untracked 
|  11|0x00000000a2500000, 0x00000000a2600000, 0x00000000a2600000|100%| O|  |TAMS 0x00000000a2600000, 0x00000000a2500000| Untracked 
|  12|0x00000000a2600000, 0x00000000a2700000, 0x00000000a2700000|100%| O|  |TAMS 0x00000000a2700000, 0x00000000a2600000| Untracked 
|  13|0x00000000a2700000, 0x00000000a2800000, 0x00000000a2800000|100%| O|  |TAMS 0x00000000a2800000, 0x00000000a2700000| Untracked 
|  14|0x00000000a2800000, 0x00000000a2900000, 0x00000000a2900000|100%| O|  |TAMS 0x00000000a2800000, 0x00000000a2800000| Untracked 
|  15|0x00000000a2900000, 0x00000000a2a00000, 0x00000000a2a00000|100%| O|  |TAMS 0x00000000a2900000, 0x00000000a2900000| Untracked 
|  16|0x00000000a2a00000, 0x00000000a2b00000, 0x00000000a2b00000|100%| O|  |TAMS 0x00000000a2a00000, 0x00000000a2a00000| Untracked 
|  17|0x00000000a2b00000, 0x00000000a2c00000, 0x00000000a2c00000|100%| O|  |TAMS 0x00000000a2b00000, 0x00000000a2b00000| Untracked 
|  18|0x00000000a2c00000, 0x00000000a2d00000, 0x00000000a2d00000|100%| O|  |TAMS 0x00000000a2d00000, 0x00000000a2c00000| Untracked 
|  19|0x00000000a2d00000, 0x00000000a2d5e200, 0x00000000a2e00000| 36%| O|  |TAMS 0x00000000a2d00000, 0x00000000a2d00000| Untracked 
|  20|0x00000000a2e00000, 0x00000000a2e00000, 0x00000000a2f00000|  0%| F|  |TAMS 0x00000000a2e00000, 0x00000000a2e00000| Untracked 
|  21|0x00000000a2f00000, 0x00000000a2f00000, 0x00000000a3000000|  0%| F|  |TAMS 0x00000000a2f00000, 0x00000000a2f00000| Untracked 
|  22|0x00000000a3000000, 0x00000000a3000000, 0x00000000a3100000|  0%| F|  |TAMS 0x00000000a3000000, 0x00000000a3000000| Untracked 
|  23|0x00000000a3100000, 0x00000000a3100000, 0x00000000a3200000|  0%| F|  |TAMS 0x00000000a3100000, 0x00000000a3100000| Untracked 
|  24|0x00000000a3200000, 0x00000000a3200000, 0x00000000a3300000|  0%| F|  |TAMS 0x00000000a3200000, 0x00000000a3200000| Untracked 
|  25|0x00000000a3300000, 0x00000000a3300000, 0x00000000a3400000|  0%| F|  |TAMS 0x00000000a3300000, 0x00000000a3300000| Untracked 
|  26|0x00000000a3400000, 0x00000000a3400000, 0x00000000a3500000|  0%| F|  |TAMS 0x00000000a3400000, 0x00000000a3400000| Untracked 
|  27|0x00000000a3500000, 0x00000000a3500000, 0x00000000a3600000|  0%| F|  |TAMS 0x00000000a3500000, 0x00000000a3500000| Untracked 
|  28|0x00000000a3600000, 0x00000000a3600000, 0x00000000a3700000|  0%| F|  |TAMS 0x00000000a3600000, 0x00000000a3600000| Untracked 
|  29|0x00000000a3700000, 0x00000000a3800000, 0x00000000a3800000|100%| S|CS|TAMS 0x00000000a3700000, 0x00000000a3700000| Complete 
|  30|0x00000000a3800000, 0x00000000a3900000, 0x00000000a3900000|100%| S|CS|TAMS 0x00000000a3800000, 0x00000000a3800000| Complete 
|  31|0x00000000a3900000, 0x00000000a3900000, 0x00000000a3a00000|  0%| F|  |TAMS 0x00000000a3900000, 0x00000000a3900000| Untracked 
|  32|0x00000000a3a00000, 0x00000000a3a00000, 0x00000000a3b00000|  0%| F|  |TAMS 0x00000000a3a00000, 0x00000000a3a00000| Untracked 
|  33|0x00000000a3b00000, 0x00000000a3b00000, 0x00000000a3c00000|  0%| F|  |TAMS 0x00000000a3b00000, 0x00000000a3b00000| Untracked 
|  34|0x00000000a3c00000, 0x00000000a3c00000, 0x00000000a3d00000|  0%| F|  |TAMS 0x00000000a3c00000, 0x00000000a3c00000| Untracked 
|  35|0x00000000a3d00000, 0x00000000a3d00000, 0x00000000a3e00000|  0%| F|  |TAMS 0x00000000a3d00000, 0x00000000a3d00000| Untracked 
|  36|0x00000000a3e00000, 0x00000000a3e00000, 0x00000000a3f00000|  0%| F|  |TAMS 0x00000000a3e00000, 0x00000000a3e00000| Untracked 
|  37|0x00000000a3f00000, 0x00000000a3f00000, 0x00000000a4000000|  0%| F|  |TAMS 0x00000000a3f00000, 0x00000000a3f00000| Untracked 
|  38|0x00000000a4000000, 0x00000000a4000000, 0x00000000a4100000|  0%| F|  |TAMS 0x00000000a4000000, 0x00000000a4000000| Untracked 
|  39|0x00000000a4100000, 0x00000000a4100000, 0x00000000a4200000|  0%| F|  |TAMS 0x00000000a4100000, 0x00000000a4100000| Untracked 
|  40|0x00000000a4200000, 0x00000000a4200000, 0x00000000a4300000|  0%| F|  |TAMS 0x00000000a4200000, 0x00000000a4200000| Untracked 
|  41|0x00000000a4300000, 0x00000000a4300000, 0x00000000a4400000|  0%| F|  |TAMS 0x00000000a4300000, 0x00000000a4300000| Untracked 
|  42|0x00000000a4400000, 0x00000000a4400000, 0x00000000a4500000|  0%| F|  |TAMS 0x00000000a4400000, 0x00000000a4400000| Untracked 
|  43|0x00000000a4500000, 0x00000000a4500000, 0x00000000a4600000|  0%| F|  |TAMS 0x00000000a4500000, 0x00000000a4500000| Untracked 
|  44|0x00000000a4600000, 0x00000000a4600000, 0x00000000a4700000|  0%| F|  |TAMS 0x00000000a4600000, 0x00000000a4600000| Untracked 
|  45|0x00000000a4700000, 0x00000000a4700000, 0x00000000a4800000|  0%| F|  |TAMS 0x00000000a4700000, 0x00000000a4700000| Untracked 
|  46|0x00000000a4800000, 0x00000000a4800000, 0x00000000a4900000|  0%| F|  |TAMS 0x00000000a4800000, 0x00000000a4800000| Untracked 
|  47|0x00000000a4900000, 0x00000000a4900000, 0x00000000a4a00000|  0%| F|  |TAMS 0x00000000a4900000, 0x00000000a4900000| Untracked 
|  86|0x00000000a7000000, 0x00000000a7000000, 0x00000000a7100000|  0%| F|  |TAMS 0x00000000a7000000, 0x00000000a7000000| Untracked 
|  87|0x00000000a7100000, 0x00000000a7100000, 0x00000000a7200000|  0%| F|  |TAMS 0x00000000a7100000, 0x00000000a7100000| Untracked 
|  88|0x00000000a7200000, 0x00000000a7200000, 0x00000000a7300000|  0%| F|  |TAMS 0x00000000a7200000, 0x00000000a7200000| Untracked 
|  89|0x00000000a7300000, 0x00000000a731c3d8, 0x00000000a7400000| 11%| E|  |TAMS 0x00000000a7300000, 0x00000000a7300000| Complete 
|  95|0x00000000a7900000, 0x00000000a7a00000, 0x00000000a7a00000|100%| E|CS|TAMS 0x00000000a7900000, 0x00000000a7900000| Complete 

Card table byte_map: [0x000002ad4e8b0000,0x000002ad4ebb0000] _byte_map_base: 0x000002ad4e3a3000

Marking Bits (Prev, Next): (CMBitMap*) 0x000002ad35af3950, (CMBitMap*) 0x000002ad35af3990
 Prev Bits: [0x000002ad4eeb0000, 0x000002ad50648000)
 Next Bits: [0x000002ad50650000, 0x000002ad51de8000)

Polling page: 0x000002ad35930000

Metaspace:

Usage:
  Non-class:     43.74 MB used.
      Class:      6.46 MB used.
       Both:     50.20 MB used.

Virtual space:
  Non-class space:       64.00 MB reserved,      44.00 MB ( 69%) committed,  1 nodes.
      Class space:        1.00 GB reserved,       6.62 MB ( <1%) committed,  1 nodes.
             Both:        1.06 GB reserved,      50.62 MB (  5%) committed. 

Chunk freelists:
   Non-Class:  3.27 MB
       Class:  1.38 MB
        Both:  4.64 MB

MaxMetaspaceSize: unlimited
CompressedClassSpaceSize: 1.00 GB
Initial GC threshold: 21.00 MB
Current GC threshold: 58.69 MB
CDS: on
MetaspaceReclaimPolicy: balanced
 - commit_granule_bytes: 65536.
 - commit_granule_words: 8192.
 - virtual_space_node_default_size: 8388608.
 - enlarge_chunks_in_place: 1.
 - new_chunks_are_fully_committed: 0.
 - uncommit_free_chunks: 1.
 - use_allocation_guard: 0.


Internal statistics:

num_allocs_failed_limit: 6.
num_arena_births: 514.
num_arena_deaths: 0.
num_vsnodes_births: 2.
num_vsnodes_deaths: 0.
num_space_committed: 810.
num_space_uncommitted: 0.
num_chunks_returned_to_freelist: 6.
num_chunks_taken_from_freelist: 2349.
num_chunk_merges: 3.
num_chunk_splits: 1703.
num_chunks_enlarged: 1399.
num_inconsistent_stats: 0.

CodeHeap 'non-profiled nmethods': size=120064Kb used=2284Kb max_used=2284Kb free=117779Kb
 bounds [0x000002ad46c70000, 0x000002ad46ee0000, 0x000002ad4e1b0000]
CodeHeap 'profiled nmethods': size=120000Kb used=9586Kb max_used=9586Kb free=110413Kb
 bounds [0x000002ad3f1b0000, 0x000002ad3fb10000, 0x000002ad466e0000]
CodeHeap 'non-nmethods': size=5696Kb used=1375Kb max_used=1418Kb free=4320Kb
 bounds [0x000002ad466e0000, 0x000002ad46950000, 0x000002ad46c70000]
 total_blobs=5112 nmethods=4492 adapters=531
 compilation: enabled
              stopped_count=0, restarted_count=0
 full_count=0

Compilation events (20 events):
Event: 54.421 Thread 0x000002ad5420cdb0 4494       3       java.util.ResourceBundle$KeyElementReference::<init> (12 bytes)
Event: 54.422 Thread 0x000002ad5420cdb0 nmethod 4494 0x000002ad3fb0bc10 code [0x000002ad3fb0bde0, 0x000002ad3fb0c178]
Event: 54.426 Thread 0x000002ad5420cdb0 4495       1       java.util.Calendar::getFirstDayOfWeek (5 bytes)
Event: 54.426 Thread 0x000002ad5420cdb0 nmethod 4495 0x000002ad46ea0710 code [0x000002ad46ea08a0, 0x000002ad46ea0958]
Event: 54.426 Thread 0x000002ad5420cdb0 4496       1       java.util.Calendar::getMinimalDaysInFirstWeek (5 bytes)
Event: 54.426 Thread 0x000002ad5420cdb0 nmethod 4496 0x000002ad46ea0a10 code [0x000002ad46ea0ba0, 0x000002ad46ea0c58]
Event: 54.427 Thread 0x000002ad5420cdb0 4497       3       java.util.Calendar::complete (40 bytes)
Event: 54.427 Thread 0x000002ad5420cdb0 nmethod 4497 0x000002ad3fb0c290 code [0x000002ad3fb0c460, 0x000002ad3fb0c718]
Event: 54.430 Thread 0x000002ad5420cdb0 4499       3       java.text.DontCareFieldPosition$1::formatted (1 bytes)
Event: 54.430 Thread 0x000002ad5420cdb0 nmethod 4499 0x000002ad3fb0c810 code [0x000002ad3fb0c9a0, 0x000002ad3fb0cab8]
Event: 54.440 Thread 0x000002ad5420cdb0 4500       1       org.apache.tomcat.util.http.MimeHeaderField::getName (5 bytes)
Event: 54.440 Thread 0x000002ad5420cdb0 nmethod 4500 0x000002ad46ea0d10 code [0x000002ad46ea0ea0, 0x000002ad46ea0f58]
Event: 54.442 Thread 0x000002ad541ac460 nmethod 4482 0x000002ad46ea1010 code [0x000002ad46ea1440, 0x000002ad46ea4e98]
Event: 54.442 Thread 0x000002ad541ac460 4493       4       java.util.Properties::loadConvert (540 bytes)
Event: 54.469 Thread 0x000002ad541ac460 nmethod 4493 0x000002ad46ea7410 code [0x000002ad46ea7600, 0x000002ad46ea8090]
Event: 54.469 Thread 0x000002ad541ac460 4492 %     4       java.util.Properties$LineReader::readLine @ 293 (584 bytes)
Event: 54.539 Thread 0x000002ad541ac460 nmethod 4492% 0x000002ad46ea8710 code [0x000002ad46ea8960, 0x000002ad46ea9bc0]
Event: 54.539 Thread 0x000002ad541ac460 4498       4       org.springframework.core.ResolvableType$1::isAssignableFrom (24 bytes)
Event: 54.547 Thread 0x000002ad541ac460 nmethod 4498 0x000002ad46eaa990 code [0x000002ad46eaab40, 0x000002ad46eaae58]
Event: 54.547 Thread 0x000002ad541ac460 4501   !   4       java.net.URL::<init> (543 bytes)

GC Heap History (20 events):
Event: 6.255 GC heap before
{Heap before GC invocations=5 (full 0):
 garbage-first heap   total 98304K, used 16583K [0x00000000a1a00000, 0x0000000100000000)
  region size 1024K, 11 young (11264K), 5 survivors (5120K)
 Metaspace       used 21196K, committed 21504K, reserved 1114112K
  class space    used 2503K, committed 2688K, reserved 1048576K
}
Event: 6.267 GC heap after
{Heap after GC invocations=6 (full 0):
 garbage-first heap   total 98304K, used 11935K [0x00000000a1a00000, 0x0000000100000000)
  region size 1024K, 4 young (4096K), 4 survivors (4096K)
 Metaspace       used 21196K, committed 21504K, reserved 1114112K
  class space    used 2503K, committed 2688K, reserved 1048576K
}
Event: 7.858 GC heap before
{Heap before GC invocations=7 (full 0):
 garbage-first heap   total 45056K, used 34463K [0x00000000a1a00000, 0x0000000100000000)
  region size 1024K, 26 young (26624K), 4 survivors (4096K)
 Metaspace       used 26368K, committed 26688K, reserved 1114112K
  class space    used 3191K, committed 3328K, reserved 1048576K
}
Event: 7.886 GC heap after
{Heap after GC invocations=8 (full 0):
 garbage-first heap   total 45056K, used 15012K [0x00000000a1a00000, 0x0000000100000000)
  region size 1024K, 4 young (4096K), 4 survivors (4096K)
 Metaspace       used 26368K, committed 26688K, reserved 1114112K
  class space    used 3191K, committed 3328K, reserved 1048576K
}
Event: 7.913 GC heap before
{Heap before GC invocations=8 (full 0):
 garbage-first heap   total 45056K, used 16036K [0x00000000a1a00000, 0x0000000100000000)
  region size 1024K, 5 young (5120K), 4 survivors (4096K)
 Metaspace       used 26412K, committed 26752K, reserved 1114112K
  class space    used 3196K, committed 3328K, reserved 1048576K
}
Event: 7.927 GC heap after
{Heap after GC invocations=9 (full 0):
 garbage-first heap   total 45056K, used 15669K [0x00000000a1a00000, 0x0000000100000000)
  region size 1024K, 1 young (1024K), 1 survivors (1024K)
 Metaspace       used 26412K, committed 26752K, reserved 1114112K
  class space    used 3196K, committed 3328K, reserved 1048576K
}
Event: 8.691 GC heap before
{Heap before GC invocations=9 (full 0):
 garbage-first heap   total 45056K, used 31029K [0x00000000a1a00000, 0x0000000100000000)
  region size 1024K, 17 young (17408K), 1 survivors (1024K)
 Metaspace       used 29693K, committed 30016K, reserved 1114112K
  class space    used 3528K, committed 3712K, reserved 1048576K
}
Event: 8.697 GC heap after
{Heap after GC invocations=10 (full 0):
 garbage-first heap   total 45056K, used 16490K [0x00000000a1a00000, 0x0000000100000000)
  region size 1024K, 2 young (2048K), 2 survivors (2048K)
 Metaspace       used 29693K, committed 30016K, reserved 1114112K
  class space    used 3528K, committed 3712K, reserved 1048576K
}
Event: 9.557 GC heap before
{Heap before GC invocations=10 (full 0):
 garbage-first heap   total 45056K, used 31850K [0x00000000a1a00000, 0x0000000100000000)
  region size 1024K, 18 young (18432K), 2 survivors (2048K)
 Metaspace       used 34192K, committed 34560K, reserved 1114112K
  class space    used 4065K, committed 4224K, reserved 1048576K
}
Event: 9.564 GC heap after
{Heap after GC invocations=11 (full 0):
 garbage-first heap   total 45056K, used 17274K [0x00000000a1a00000, 0x0000000100000000)
  region size 1024K, 3 young (3072K), 3 survivors (3072K)
 Metaspace       used 34192K, committed 34560K, reserved 1114112K
  class space    used 4065K, committed 4224K, reserved 1048576K
}
Event: 9.879 GC heap before
{Heap before GC invocations=11 (full 0):
 garbage-first heap   total 45056K, used 22394K [0x00000000a1a00000, 0x0000000100000000)
  region size 1024K, 9 young (9216K), 3 survivors (3072K)
 Metaspace       used 35659K, committed 35968K, reserved 1114112K
  class space    used 4321K, committed 4480K, reserved 1048576K
}
Event: 9.887 GC heap after
{Heap after GC invocations=12 (full 0):
 garbage-first heap   total 45056K, used 17616K [0x00000000a1a00000, 0x0000000100000000)
  region size 1024K, 2 young (2048K), 2 survivors (2048K)
 Metaspace       used 35659K, committed 35968K, reserved 1114112K
  class space    used 4321K, committed 4480K, reserved 1048576K
}
Event: 10.811 GC heap before
{Heap before GC invocations=13 (full 0):
 garbage-first heap   total 45056K, used 32976K [0x00000000a1a00000, 0x0000000100000000)
  region size 1024K, 18 young (18432K), 2 survivors (2048K)
 Metaspace       used 40881K, committed 41280K, reserved 1114112K
  class space    used 5176K, committed 5376K, reserved 1048576K
}
Event: 10.819 GC heap after
{Heap after GC invocations=14 (full 0):
 garbage-first heap   total 45056K, used 18612K [0x00000000a1a00000, 0x0000000100000000)
  region size 1024K, 3 young (3072K), 3 survivors (3072K)
 Metaspace       used 40881K, committed 41280K, reserved 1114112K
  class space    used 5176K, committed 5376K, reserved 1048576K
}
Event: 10.867 GC heap before
{Heap before GC invocations=14 (full 0):
 garbage-first heap   total 45056K, used 19636K [0x00000000a1a00000, 0x0000000100000000)
  region size 1024K, 4 young (4096K), 3 survivors (3072K)
 Metaspace       used 41283K, committed 41664K, reserved 1114112K
  class space    used 5219K, committed 5376K, reserved 1048576K
}
Event: 10.875 GC heap after
{Heap after GC invocations=15 (full 0):
 garbage-first heap   total 54272K, used 18423K [0x00000000a1a00000, 0x0000000100000000)
  region size 1024K, 1 young (1024K), 1 survivors (1024K)
 Metaspace       used 41283K, committed 41664K, reserved 1114112K
  class space    used 5219K, committed 5376K, reserved 1048576K
}
Event: 12.303 GC heap before
{Heap before GC invocations=15 (full 0):
 garbage-first heap   total 54272K, used 40951K [0x00000000a1a00000, 0x0000000100000000)
  region size 1024K, 24 young (24576K), 1 survivors (1024K)
 Metaspace       used 47136K, committed 47488K, reserved 1114112K
  class space    used 6123K, committed 6272K, reserved 1048576K
}
Event: 12.313 GC heap after
{Heap after GC invocations=16 (full 0):
 garbage-first heap   total 54272K, used 19846K [0x00000000a1a00000, 0x0000000100000000)
  region size 1024K, 2 young (2048K), 2 survivors (2048K)
 Metaspace       used 47136K, committed 47488K, reserved 1114112K
  class space    used 6123K, committed 6272K, reserved 1048576K
}
Event: 54.516 GC heap before
{Heap before GC invocations=16 (full 0):
 garbage-first heap   total 54272K, used 41350K [0x00000000a1a00000, 0x0000000100000000)
  region size 1024K, 24 young (24576K), 2 survivors (2048K)
 Metaspace       used 50950K, committed 51456K, reserved 1114112K
  class space    used 6580K, committed 6784K, reserved 1048576K
}
Event: 54.530 GC heap after
{Heap after GC invocations=17 (full 0):
 garbage-first heap   total 54272K, used 21830K [0x00000000a1a00000, 0x0000000100000000)
  region size 1024K, 2 young (2048K), 2 survivors (2048K)
 Metaspace       used 50950K, committed 51456K, reserved 1114112K
  class space    used 6580K, committed 6784K, reserved 1048576K
}

Dll operation events (14 events):
Event: 0.013 Loaded shared library C:\Users\Utente-PC\.jdks\openjdk-19.0.2\bin\java.dll
Event: 0.028 Loaded shared library C:\Users\Utente-PC\.jdks\openjdk-19.0.2\bin\jsvml.dll
Event: 0.274 Loaded shared library C:\Users\Utente-PC\.jdks\openjdk-19.0.2\bin\zip.dll
Event: 0.278 Loaded shared library C:\Users\Utente-PC\.jdks\openjdk-19.0.2\bin\instrument.dll
Event: 0.288 Loaded shared library C:\Users\Utente-PC\.jdks\openjdk-19.0.2\bin\net.dll
Event: 0.291 Loaded shared library C:\Users\Utente-PC\.jdks\openjdk-19.0.2\bin\nio.dll
Event: 0.296 Loaded shared library C:\Users\Utente-PC\.jdks\openjdk-19.0.2\bin\zip.dll
Event: 0.449 Loaded shared library C:\Program Files\JetBrains\IntelliJ IDEA Community Edition 2022.2.1\bin\breakgen64.dll
Event: 0.472 Loaded shared library C:\Users\Utente-PC\.jdks\openjdk-19.0.2\bin\extnet.dll
Event: 0.533 Loaded shared library C:\Users\Utente-PC\.jdks\openjdk-19.0.2\bin\verify.dll
Event: 0.542 Loaded shared library C:\Users\Utente-PC\.jdks\openjdk-19.0.2\bin\jimage.dll
Event: 1.595 Loaded shared library C:\Users\Utente-PC\.jdks\openjdk-19.0.2\bin\management.dll
Event: 1.600 Loaded shared library C:\Users\Utente-PC\.jdks\openjdk-19.0.2\bin\management_ext.dll
Event: 7.840 Loaded shared library C:\Users\Utente-PC\.jdks\openjdk-19.0.2\bin\sunmscapi.dll

Deoptimization events (20 events):
Event: 13.089 Thread 0x000002ad58c284c0 Uncommon trap: trap_request=0xffffff45 fr.pc=0x000002ad46e1bec8 relative=0x0000000000001508
Event: 13.089 Thread 0x000002ad58c284c0 Uncommon trap: reason=unstable_if action=reinterpret pc=0x000002ad46e1bec8 method=java.lang.String.<init>([BIILjava/nio/charset/Charset;)V @ 18 c2
Event: 13.089 Thread 0x000002ad58c284c0 DEOPT PACKING pc=0x000002ad46e1bec8 sp=0x000000ae44afdde0
Event: 13.089 Thread 0x000002ad58c284c0 DEOPT UNPACKING pc=0x000002ad46746d9d sp=0x000000ae44afdde0 mode 2
Event: 13.135 Thread 0x000002ad58c284c0 DEOPT PACKING pc=0x000002ad3fb00b46 sp=0x000000ae44afe660
Event: 13.135 Thread 0x000002ad58c284c0 DEOPT UNPACKING pc=0x000002ad46747524 sp=0x000000ae44afdb38 mode 0
Event: 13.137 Thread 0x000002ad58c284c0 Uncommon trap: trap_request=0xffffff45 fr.pc=0x000002ad46d00a80 relative=0x0000000000000060
Event: 13.137 Thread 0x000002ad58c284c0 Uncommon trap: reason=unstable_if action=reinterpret pc=0x000002ad46d00a80 method=org.springframework.util.ConcurrentReferenceHashMap$Segment.clear()V @ 7 c2
Event: 13.137 Thread 0x000002ad58c284c0 DEOPT PACKING pc=0x000002ad46d00a80 sp=0x000000ae44afe900
Event: 13.137 Thread 0x000002ad58c284c0 DEOPT UNPACKING pc=0x000002ad46746d9d sp=0x000000ae44afe890 mode 2
Event: 15.157 Thread 0x000002ad59d8dd60 Uncommon trap: trap_request=0xffffff45 fr.pc=0x000002ad46df2fa0 relative=0x0000000000000180
Event: 15.157 Thread 0x000002ad59d8dd60 Uncommon trap: reason=unstable_if action=reinterpret pc=0x000002ad46df2fa0 method=java.util.concurrent.locks.ReentrantLock$Sync.lock()V @ 4 c2
Event: 15.157 Thread 0x000002ad59d8dd60 DEOPT PACKING pc=0x000002ad46df2fa0 sp=0x000000ae44eff260
Event: 15.157 Thread 0x000002ad59d8dd60 DEOPT UNPACKING pc=0x000002ad46746d9d sp=0x000000ae44eff1c0 mode 2
Event: 33.157 Thread 0x000002ad59d8e2b0 Uncommon trap: trap_request=0xffffff45 fr.pc=0x000002ad46dfd618 relative=0x0000000000000178
Event: 33.157 Thread 0x000002ad59d8e2b0 Uncommon trap: reason=unstable_if action=reinterpret pc=0x000002ad46dfd618 method=java.util.concurrent.locks.ReentrantLock$Sync.lock()V @ 4 c2
Event: 33.157 Thread 0x000002ad59d8e2b0 DEOPT PACKING pc=0x000002ad46dfd618 sp=0x000000ae44dfed00
Event: 33.157 Thread 0x000002ad59d8e2b0 DEOPT UNPACKING pc=0x000002ad46746d9d sp=0x000000ae44dfecc0 mode 2
Event: 54.420 Thread 0x000002ad5891c150 DEOPT PACKING pc=0x000002ad3f94845e sp=0x000000ae452fd480
Event: 54.420 Thread 0x000002ad5891c150 DEOPT UNPACKING pc=0x000002ad46747524 sp=0x000000ae452fc968 mode 0

Classes loaded (20 events):
Event: 54.194 Loading class sun/nio/ch/OptionKey
Event: 54.194 Loading class sun/nio/ch/OptionKey done
Event: 54.196 Loading class sun/nio/ch/SelectionKeyImpl
Event: 54.197 Loading class java/nio/channels/spi/AbstractSelectionKey
Event: 54.197 Loading class java/nio/channels/SelectionKey
Event: 54.197 Loading class java/nio/channels/SelectionKey done
Event: 54.197 Loading class java/nio/channels/spi/AbstractSelectionKey done
Event: 54.197 Loading class sun/nio/ch/SelectionKeyImpl done
Event: 54.198 Loading class java/lang/invoke/ConstantBootstraps
Event: 54.198 Loading class java/lang/invoke/ConstantBootstraps done
Event: 54.286 Loading class sun/nio/cs/ThreadLocalCoders
Event: 54.286 Loading class sun/nio/cs/ThreadLocalCoders done
Event: 54.286 Loading class sun/nio/cs/ThreadLocalCoders$1
Event: 54.286 Loading class sun/nio/cs/ThreadLocalCoders$Cache
Event: 54.286 Loading class sun/nio/cs/ThreadLocalCoders$Cache done
Event: 54.286 Loading class sun/nio/cs/ThreadLocalCoders$1 done
Event: 54.286 Loading class sun/nio/cs/ThreadLocalCoders$2
Event: 54.286 Loading class sun/nio/cs/ThreadLocalCoders$2 done
Event: 54.286 Loading class sun/nio/cs/ISO_8859_1$Decoder
Event: 54.287 Loading class sun/nio/cs/ISO_8859_1$Decoder done

Classes unloaded (0 events):
No events

Classes redefined (0 events):
No events

Internal exceptions (20 events):
Event: 11.859 Thread 0x000002ad58c284c0 Exception <a 'java/lang/NoSuchMethodError'{0x00000000a3dcb568}: 'void java.lang.invoke.Invokers$Holder.invokeExact_MT(java.lang.Object, java.lang.Object, java.lang.Object, java.lang.Object)'> (0x00000000a3dcb568) 
thrown [s\open\src\hotspot\share\interpreter\linkResolver.cpp, line 774]
Event: 11.960 Thread 0x000002ad58c284c0 Exception <a 'java/lang/ClassNotFoundException'{0x00000000a3b6d9a0}: java/lang/ObjectCustomizer> (0x00000000a3b6d9a0) 
thrown [s\open\src\hotspot\share\classfile\systemDictionary.cpp, line 255]
Event: 11.961 Thread 0x000002ad58c284c0 Exception <a 'java/lang/ClassNotFoundException'{0x00000000a3b74bd8}: org/springframework/web/servlet/config/annotation/WebMvcConfigurationSupportCustomizer> (0x00000000a3b74bd8) 
thrown [s\open\src\hotspot\share\classfile\systemDictionary.cpp, line 255]
Event: 11.963 Thread 0x000002ad58c284c0 Exception <a 'java/lang/ClassNotFoundException'{0x00000000a3b88530}: org/springframework/web/servlet/config/annotation/DelegatingWebMvcConfigurationCustomizer> (0x00000000a3b88530) 
thrown [s\open\src\hotspot\share\classfile\systemDictionary.cpp, line 255]
Event: 11.965 Thread 0x000002ad58c284c0 Exception <a 'java/lang/ClassNotFoundException'{0x00000000a3b90dd0}: org/springframework/boot/autoconfigure/web/servlet/WebMvcAutoConfiguration$EnableWebMvcConfigurationCustomizer> (0x00000000a3b90dd0) 
thrown [s\open\src\hotspot\share\classfile\systemDictionary.cpp, line 255]
Event: 11.968 Thread 0x000002ad58c284c0 Exception <a 'java/lang/ClassNotFoundException'{0x00000000a3ba3bf0}: org/springframework/context/ResourceLoaderAwareCustomizer> (0x00000000a3ba3bf0) 
thrown [s\open\src\hotspot\share\classfile\systemDictionary.cpp, line 255]
Event: 11.969 Thread 0x000002ad58c284c0 Exception <a 'java/lang/ClassNotFoundException'{0x00000000a3ba8358}: org/springframework/beans/factory/AwareCustomizer> (0x00000000a3ba8358) 
thrown [s\open\src\hotspot\share\classfile\systemDictionary.cpp, line 255]
Event: 11.969 Thread 0x000002ad58c284c0 Exception <a 'java/lang/ClassNotFoundException'{0x00000000a3babc78}: org/springframework/context/ApplicationContextAwareCustomizer> (0x00000000a3babc78) 
thrown [s\open\src\hotspot\share\classfile\systemDictionary.cpp, line 255]
Event: 11.970 Thread 0x000002ad58c284c0 Exception <a 'java/lang/ClassNotFoundException'{0x00000000a3bb0c70}: org/springframework/beans/factory/AwareCustomizer> (0x00000000a3bb0c70) 
thrown [s\open\src\hotspot\share\classfile\systemDictionary.cpp, line 255]
Event: 11.971 Thread 0x000002ad58c284c0 Exception <a 'java/lang/ClassNotFoundException'{0x00000000a3bb47c0}: org/springframework/web/context/ServletContextAwareCustomizer> (0x00000000a3bb47c0) 
thrown [s\open\src\hotspot\share\classfile\systemDictionary.cpp, line 255]
Event: 11.973 Thread 0x000002ad58c284c0 Exception <a 'java/lang/ClassNotFoundException'{0x00000000a3bb9100}: org/springframework/beans/factory/AwareCustomizer> (0x00000000a3bb9100) 
thrown [s\open\src\hotspot\share\classfile\systemDictionary.cpp, line 255]
Event: 11.979 Thread 0x000002ad58c284c0 Exception <a 'java/lang/NoSuchMethodError'{0x00000000a3bd0218}: 'java.lang.Object java.lang.invoke.DirectMethodHandle$Holder.newInvokeSpecial(java.lang.Object, java.lang.Object, java.lang.Object, java.lang.Object, java.lang.Object, java.lang.Object, java.lang.Object, java.lang.Object)'> (0x00000000a3bd0218) 
thrown [s\open\src\hotspot\share\interpreter\linkResolver.cpp, line 774]
Event: 12.429 Thread 0x000002ad58c284c0 Exception <a 'java/lang/NoSuchMethodError'{0x00000000a72a25d0}: 'void java.lang.invoke.DirectMethodHandle$Holder.invokeVirtual(java.lang.Object, java.lang.Object, long)'> (0x00000000a72a25d0) 
thrown [s\open\src\hotspot\share\interpreter\linkResolver.cpp, line 774]
Event: 12.700 Thread 0x000002ad58c284c0 Exception <a 'java/lang/IncompatibleClassChangeError'{0x00000000a47a91e0}: Found class java.lang.Object, but interface was expected> (0x00000000a47a91e0) 
thrown [s\open\src\hotspot\share\interpreter\linkResolver.cpp, line 841]
Event: 12.775 Thread 0x000002ad58c284c0 Exception <a 'java/lang/NoSuchMethodError'{0x00000000a451cf30}: 'int java.lang.invoke.DirectMethodHandle$Holder.invokeStaticInit(java.lang.Object, java.lang.Object, java.lang.Object, java.lang.Object)'> (0x00000000a451cf30) 
thrown [s\open\src\hotspot\share\interpreter\linkResolver.cpp, line 774]
Event: 12.865 Thread 0x000002ad58c284c0 Implicit null exception at 0x000002ad46d7c25a to 0x000002ad46d7c438
Event: 13.043 Thread 0x000002ad58c284c0 Exception <a 'java/lang/NoSuchMethodError'{0x00000000a4080d40}: 'java.lang.Object java.lang.invoke.DirectMethodHandle$Holder.invokeSpecial(java.lang.Object, java.lang.Object, int, java.lang.Object, int, java.lang.Object)'> (0x00000000a4080d40) 
thrown [s\open\src\hotspot\share\interpreter\linkResolver.cpp, line 774]
Event: 13.044 Thread 0x000002ad58c284c0 Exception <a 'java/lang/NoSuchMethodError'{0x00000000a4088b18}: 'java.lang.Object java.lang.invoke.DirectMethodHandle$Holder.newInvokeSpecial(java.lang.Object, java.lang.Object, int, java.lang.Object, int)'> (0x00000000a4088b18) 
thrown [s\open\src\hotspot\share\interpreter\linkResolver.cpp, line 774]
Event: 13.044 Thread 0x000002ad58c284c0 Exception <a 'java/lang/NoSuchMethodError'{0x00000000a408cc30}: 'java.lang.Object java.lang.invoke.DirectMethodHandle$Holder.invokeSpecial(java.lang.Object, java.lang.Object, java.lang.Object, int, java.lang.Object, int)'> (0x00000000a408cc30) 
thrown [s\open\src\hotspot\share\interpreter\linkResolver.cpp, line 774]
Event: 13.163 Thread 0x000002ad35aa5d80 Exception <a 'java/lang/NoSuchMethodError'{0x00000000a3daa038}: 'int java.lang.invoke.DirectMethodHandle$Holder.invokeSpecialIFC(java.lang.Object, java.lang.Object, java.lang.Object)'> (0x00000000a3daa038) 
thrown [s\open\src\hotspot\share\interpreter\linkResolver.cpp, line 774]

VM Operations (20 events):
Event: 12.467 Executing VM operation: HandshakeAllThreads
Event: 12.467 Executing VM operation: HandshakeAllThreads done
Event: 12.611 Executing VM operation: HandshakeAllThreads
Event: 12.611 Executing VM operation: HandshakeAllThreads done
Event: 12.718 Executing VM operation: HandshakeAllThreads
Event: 12.718 Executing VM operation: HandshakeAllThreads done
Event: 13.720 Executing VM operation: Cleanup
Event: 13.720 Executing VM operation: Cleanup done
Event: 38.926 Executing VM operation: Cleanup
Event: 38.926 Executing VM operation: Cleanup done
Event: 54.299 Executing VM operation: HandshakeAllThreads
Event: 54.299 Executing VM operation: HandshakeAllThreads done
Event: 54.299 Executing VM operation: Cleanup
Event: 54.299 Executing VM operation: Cleanup done
Event: 54.382 Executing VM operation: HandshakeAllThreads
Event: 54.383 Executing VM operation: HandshakeAllThreads done
Event: 54.445 Executing VM operation: HandshakeAllThreads
Event: 54.446 Executing VM operation: HandshakeAllThreads done
Event: 54.516 Executing VM operation: G1CollectForAllocation
Event: 54.530 Executing VM operation: G1CollectForAllocation done

Events (20 events):
Event: 13.007 Thread 0x000002ad58920660 Thread added: 0x000002ad58920660
Event: 13.010 Thread 0x000002ad58920660 Thread exited: 0x000002ad58920660
Event: 13.010 Thread 0x000002ad5891cbf0 Thread added: 0x000002ad5891cbf0
Event: 13.066 Thread 0x000002ad5891c150 Thread added: 0x000002ad5891c150
Event: 13.066 Thread 0x000002ad5891c6a0 Thread added: 0x000002ad5891c6a0
Event: 13.066 Thread 0x000002ad58923630 Thread added: 0x000002ad58923630
Event: 13.066 Thread 0x000002ad58922640 Thread added: 0x000002ad58922640
Event: 13.067 Thread 0x000002ad58921ba0 Thread added: 0x000002ad58921ba0
Event: 13.067 Thread 0x000002ad5891dbe0 Thread added: 0x000002ad5891dbe0
Event: 13.067 Thread 0x000002ad5891d690 Thread added: 0x000002ad5891d690
Event: 13.067 Thread 0x000002ad58922b90 Thread added: 0x000002ad58922b90
Event: 13.067 Thread 0x000002ad5891e680 Thread added: 0x000002ad5891e680
Event: 13.067 Thread 0x000002ad5891bc00 Thread added: 0x000002ad5891bc00
Event: 13.094 Thread 0x000002ad589230e0 Thread added: 0x000002ad589230e0
Event: 13.096 Thread 0x000002ad5891d140 Thread added: 0x000002ad5891d140
Event: 13.156 Thread 0x000002ad58c284c0 Thread exited: 0x000002ad58c284c0
Event: 13.162 Thread 0x000002ad58a7a710 Thread exited: 0x000002ad58a7a710
Event: 13.165 Thread 0x000002ad35aa5d80 Thread exited: 0x000002ad35aa5d80
Event: 13.165 Thread 0x000002ad5891e130 Thread added: 0x000002ad5891e130
Event: 14.072 Thread 0x000002ad59d8d810 Thread exited: 0x000002ad59d8d810


Dynamic libraries:
0x00007ff778530000 - 0x00007ff77853e000 	C:\Users\Utente-PC\.jdks\openjdk-19.0.2\bin\java.exe
0x00007ffc6b070000 - 0x00007ffc6b268000 	C:\Windows\SYSTEM32\ntdll.dll
0x00007ffc6af70000 - 0x00007ffc6b02f000 	C:\Windows\System32\KERNEL32.DLL
0x00007ffc68d60000 - 0x00007ffc6903a000 	C:\Windows\System32\KERNELBASE.dll
0x00007ffc68bc0000 - 0x00007ffc68cc0000 	C:\Windows\System32\ucrtbase.dll
0x00007ffc62470000 - 0x00007ffc62487000 	C:\Users\Utente-PC\.jdks\openjdk-19.0.2\bin\jli.dll
0x00007ffc69e50000 - 0x00007ffc69fed000 	C:\Windows\System32\USER32.dll
0x00007ffc68900000 - 0x00007ffc68922000 	C:\Windows\System32\win32u.dll
0x00007ffc6a5c0000 - 0x00007ffc6a5eb000 	C:\Windows\System32\GDI32.dll
0x00007ffc687f0000 - 0x00007ffc68900000 	C:\Windows\System32\gdi32full.dll
0x00007ffc68cc0000 - 0x00007ffc68d5d000 	C:\Windows\System32\msvcp_win.dll
0x00007ffc610c0000 - 0x00007ffc610db000 	C:\Users\Utente-PC\.jdks\openjdk-19.0.2\bin\VCRUNTIME140.dll
0x00007ffc56260000 - 0x00007ffc564fa000 	C:\Windows\WinSxS\amd64_microsoft.windows.common-controls_6595b64144ccf1df_6.0.19041.1110_none_60b5254171f9507e\COMCTL32.dll
0x00007ffc6a490000 - 0x00007ffc6a52e000 	C:\Windows\System32\msvcrt.dll
0x00007ffc6a590000 - 0x00007ffc6a5c0000 	C:\Windows\System32\IMM32.DLL
0x00007ffc640d0000 - 0x00007ffc640dc000 	C:\Users\Utente-PC\.jdks\openjdk-19.0.2\bin\vcruntime140_1.dll
0x00007ffc48f40000 - 0x00007ffc48fce000 	C:\Users\Utente-PC\.jdks\openjdk-19.0.2\bin\msvcp140.dll
0x00007ffc04060000 - 0x00007ffc04d20000 	C:\Users\Utente-PC\.jdks\openjdk-19.0.2\bin\server\jvm.dll
0x00007ffc6a0a0000 - 0x00007ffc6a14e000 	C:\Windows\System32\ADVAPI32.dll
0x00007ffc69c10000 - 0x00007ffc69cac000 	C:\Windows\System32\sechost.dll
0x00007ffc69ae0000 - 0x00007ffc69c06000 	C:\Windows\System32\RPCRT4.dll
0x00007ffc64060000 - 0x00007ffc64069000 	C:\Windows\SYSTEM32\WSOCK32.dll
0x00007ffc69a70000 - 0x00007ffc69adb000 	C:\Windows\System32\WS2_32.dll
0x00007ffc58f20000 - 0x00007ffc58f47000 	C:\Windows\SYSTEM32\WINMM.dll
0x00007ffc59000000 - 0x00007ffc5900a000 	C:\Windows\SYSTEM32\VERSION.dll
0x00007ffc66640000 - 0x00007ffc66652000 	C:\Windows\SYSTEM32\kernel.appcore.dll
0x00007ffc63930000 - 0x00007ffc6393a000 	C:\Users\Utente-PC\.jdks\openjdk-19.0.2\bin\jimage.dll
0x00007ffc57730000 - 0x00007ffc57914000 	C:\Windows\SYSTEM32\DBGHELP.DLL
0x00007ffc570d0000 - 0x00007ffc57104000 	C:\Windows\SYSTEM32\dbgcore.DLL
0x00007ffc69040000 - 0x00007ffc690c2000 	C:\Windows\System32\bcryptPrimitives.dll
0x00007ffc641a0000 - 0x00007ffc641ae000 	C:\Users\Utente-PC\.jdks\openjdk-19.0.2\bin\instrument.dll
0x00007ffc581b0000 - 0x00007ffc581d6000 	C:\Users\Utente-PC\.jdks\openjdk-19.0.2\bin\java.dll
0x00007ffc469c0000 - 0x00007ffc46a97000 	C:\Users\Utente-PC\.jdks\openjdk-19.0.2\bin\jsvml.dll
0x00007ffc6a820000 - 0x00007ffc6af64000 	C:\Windows\System32\SHELL32.dll
0x00007ffc66840000 - 0x00007ffc66fd3000 	C:\Windows\SYSTEM32\windows.storage.dll
0x00007ffc696a0000 - 0x00007ffc699f4000 	C:\Windows\System32\combase.dll
0x00007ffc68100000 - 0x00007ffc6812e000 	C:\Windows\SYSTEM32\Wldp.dll
0x00007ffc69ff0000 - 0x00007ffc6a09d000 	C:\Windows\System32\SHCORE.dll
0x00007ffc6a5f0000 - 0x00007ffc6a645000 	C:\Windows\System32\shlwapi.dll
0x00007ffc686c0000 - 0x00007ffc686df000 	C:\Windows\SYSTEM32\profapi.dll
0x00007ffc53020000 - 0x00007ffc53038000 	C:\Users\Utente-PC\.jdks\openjdk-19.0.2\bin\zip.dll
0x00007ffc54520000 - 0x00007ffc54533000 	C:\Users\Utente-PC\.jdks\openjdk-19.0.2\bin\net.dll
0x00007ffc60030000 - 0x00007ffc6013a000 	C:\Windows\SYSTEM32\WINHTTP.dll
0x00007ffc67e60000 - 0x00007ffc67eca000 	C:\Windows\system32\mswsock.dll
0x00007ffc53ce0000 - 0x00007ffc53cf6000 	C:\Users\Utente-PC\.jdks\openjdk-19.0.2\bin\nio.dll
0x00007ffc62f30000 - 0x00007ffc62f4a000 	C:\Program Files\JetBrains\IntelliJ IDEA Community Edition 2022.2.1\bin\breakgen64.dll
0x00007ffc63210000 - 0x00007ffc63218000 	C:\Users\Utente-PC\.jdks\openjdk-19.0.2\bin\extnet.dll
0x00007ffc621b0000 - 0x00007ffc621c0000 	C:\Users\Utente-PC\.jdks\openjdk-19.0.2\bin\verify.dll
0x00007ffc62940000 - 0x00007ffc6294a000 	C:\Users\Utente-PC\.jdks\openjdk-19.0.2\bin\management.dll
0x00007ffc62930000 - 0x00007ffc6293b000 	C:\Users\Utente-PC\.jdks\openjdk-19.0.2\bin\management_ext.dll
0x00007ffc69d10000 - 0x00007ffc69d18000 	C:\Windows\System32\PSAPI.DLL
0x00007ffc54940000 - 0x00007ffc54957000 	C:\Windows\system32\napinsp.dll
0x00007ffc54920000 - 0x00007ffc5493b000 	C:\Windows\system32\pnrpnsp.dll
0x00007ffc5af50000 - 0x00007ffc5af65000 	C:\Windows\system32\wshbth.dll
0x00007ffc640b0000 - 0x00007ffc640cd000 	C:\Windows\system32\NLAapi.dll
0x00007ffc67b50000 - 0x00007ffc67b8c000 	C:\Windows\SYSTEM32\IPHLPAPI.DLL
0x00007ffc67ba0000 - 0x00007ffc67c6b000 	C:\Windows\SYSTEM32\DNSAPI.dll
0x00007ffc69a60000 - 0x00007ffc69a68000 	C:\Windows\System32\NSI.dll
0x00007ffc53f30000 - 0x00007ffc53f42000 	C:\Windows\System32\winrnr.dll
0x00007ffc5b8d0000 - 0x00007ffc5b8da000 	C:\Windows\System32\rasadhlp.dll
0x00007ffc5c200000 - 0x00007ffc5c280000 	C:\Windows\System32\fwpuclnt.dll
0x00007ffc68a30000 - 0x00007ffc68a57000 	C:\Windows\System32\bcrypt.dll
0x00007ffc68050000 - 0x00007ffc68068000 	C:\Windows\SYSTEM32\CRYPTSP.dll
0x00007ffc67780000 - 0x00007ffc677b4000 	C:\Windows\system32\rsaenh.dll
0x00007ffc68680000 - 0x00007ffc686ae000 	C:\Windows\SYSTEM32\USERENV.dll
0x00007ffc68070000 - 0x00007ffc6807c000 	C:\Windows\SYSTEM32\CRYPTBASE.dll
0x00007ffc603b0000 - 0x00007ffc603c7000 	C:\Windows\SYSTEM32\dhcpcsvc6.DLL
0x00007ffc61640000 - 0x00007ffc6165d000 	C:\Windows\SYSTEM32\dhcpcsvc.DLL
0x00007ffc5ee90000 - 0x00007ffc5ee9e000 	C:\Users\Utente-PC\.jdks\openjdk-19.0.2\bin\sunmscapi.dll
0x00007ffc68a60000 - 0x00007ffc68bb6000 	C:\Windows\System32\CRYPT32.dll
0x00007ffc68170000 - 0x00007ffc68198000 	C:\Windows\SYSTEM32\ncrypt.dll
0x00007ffc68130000 - 0x00007ffc6816b000 	C:\Windows\SYSTEM32\NTASN1.dll
0x00007ffc60b90000 - 0x00007ffc60b97000 	C:\Windows\system32\wshunix.dll

dbghelp: loaded successfully - version: 4.0.5 - missing functions: none
symbol engine: initialized successfully - sym options: 0x614 - pdb path: .;C:\Users\Utente-PC\.jdks\openjdk-19.0.2\bin;C:\Windows\SYSTEM32;C:\Windows\WinSxS\amd64_microsoft.windows.common-controls_6595b64144ccf1df_6.0.19041.1110_none_60b5254171f9507e;C:\Users\Utente-PC\.jdks\openjdk-19.0.2\bin\server;C:\Program Files\JetBrains\IntelliJ IDEA Community Edition 2022.2.1\bin

VM Arguments:
jvm_args: -javaagent:C:\Program Files\JetBrains\IntelliJ IDEA Community Edition 2022.2.1\lib\idea_rt.jar=50674:C:\Program Files\JetBrains\IntelliJ IDEA Community Edition 2022.2.1\bin -Dfile.encoding=UTF-8 -Dsun.stdout.encoding=UTF-8 -Dsun.stderr.encoding=UTF-8 
java_command: co.develhope.mockdb.MockDbApplication
java_class_path (initial): C:\Users\Utente-PC\Documents\Develhope\mock\mock-db\target\classes;C:\Users\Utente-PC\.m2\repository\org\springframework\boot\spring-boot-starter-data-jpa\2.6.6\spring-boot-starter-data-jpa-2.6.6.jar;C:\Users\Utente-PC\.m2\repository\org\springframework\boot\spring-boot-starter-aop\2.6.6\spring-boot-starter-aop-2.6.6.jar;C:\Users\Utente-PC\.m2\repository\org\springframework\spring-aop\5.3.18\spring-aop-5.3.18.jar;C:\Users\Utente-PC\.m2\repository\org\aspectj\aspectjweaver\1.9.7\aspectjweaver-1.9.7.jar;C:\Users\Utente-PC\.m2\repository\org\springframework\boot\spring-boot-starter-jdbc\2.6.6\spring-boot-starter-jdbc-2.6.6.jar;C:\Users\Utente-PC\.m2\repository\com\zaxxer\HikariCP\4.0.3\HikariCP-4.0.3.jar;C:\Users\Utente-PC\.m2\repository\org\springframework\spring-jdbc\5.3.18\spring-jdbc-5.3.18.jar;C:\Users\Utente-PC\.m2\repository\jakarta\transaction\jakarta.transaction-api\1.3.3\jakarta.transaction-api-1.3.3.jar;C:\Users\Utente-PC\.m2\repository\jakarta\persistence\jakarta.persistence-api\2.2.3\jakarta.persistence-api-2.2.3.jar;C:\Users\Utente-PC\.m2\repository\org\hibernate\hibernate-core\5.6.7.Final\hibernate-core-5.6.7.Final.jar;C:\Users\Utente-PC\.m2\repository\org\jboss\logging\jboss-logging\3.4.3.Final\jboss-logging-3.4.3.Final.jar;C:\Users\Utente-PC\.m2\repository\net\bytebuddy\byte-buddy\1.11.22\byte-buddy-1.11.22.jar;C:\Users\Utente-PC\.m2\repository\antlr\antlr\2.7.7\antlr-2.7.7.jar;C:\Users\Utente-PC\.m2\repository\org\jboss\jandex\2.4.2.Final\jandex-2.4.2.Final.jar;C:\Users\Utente-PC\.m2\repository\com\fasterxml\classmate\1.5.1\classmate-1.5.1.jar;C:\Users\Utente-PC\.m2\repository\org\hibernate\common\hibernate-commons-annotations\5.1.2.Final\hibernate-commons-annotations-5.1.2.Final.jar;C:\Users\Utente-PC\.m2\repository\org\glassfish\jaxb\jaxb-runtime\2.3.6\jaxb-runtime-2.3.6.jar;C:\Users\Utente-PC\.m2\repository\org\glassfish\jaxb\txw2\2.3.6\txw2-2.3.6.jar;C:\Users\Utente-PC\.m2\repository\com\sun\istack\istack-commons-runtime\3.0.12\istack-commons-runtime-3.0.12.jar;C:\Users\Utente-PC\.m2\repository\com\sun\activation\jakarta.activation\1.2.2\jakarta.activation-1.2.2.jar;C:\Users\Utente-PC\.m2\repository\org\springframework\data\spring-data-jpa\2.6.3\spring-data-jpa-2.6.3.jar;C:\Users\Utente-PC\.m2\repository\org\springframework\data\spring-data-commons\2.6.3\spring-data-commons-2.6.3.jar;C:\Users\Utente-PC\.m2\repository\org\springframework\spring-orm\5.3.18\spring-orm-5.3.18.jar;C:\Users\Utente-PC\.m2\repository\org\springframework\spring-context\5.3.18\spring-context-5.3.18.jar;C:\Users\Utente-PC\.m2\repository\org\springframework\spring-tx\5.3.18\spring-tx-5.3.18.jar;C:\Users\Utente-PC\.m2\repository\org\springframework\spring-beans\5.3.18\spring-beans-5.3.18.jar;C:\Users\Utente-PC\.m2\repository\org\slf4j\slf4j-api\1.7.36\slf4j-api-1.7.36.jar;C:\Users\Utente-PC\.m2\repository\org\springframework\spring-aspects\5.3.18\spring-aspects-5.3.18.jar;C:\Users\Utente-PC\.m2\repository\org\springframework\boot\spring-boot-starter-web\2.6.6\spring-boot-starter-web-2.6.6.jar;C:\Users\Utente-PC\.m2\repository\org\springframework\boot\spring-boot-starter\2.6.6\spring-boot-starter-2.6.6.jar;C:\Users\Utente-PC\.m2\repository\org\springframework\boot\spring-boot-starter-logging\2.6.6\spring-boot-starter-logging-2.6.6.jar;C:\Users\Utente-PC\.m2\repository\ch\qos\logback\logback-classic\1.2.11\logback-classic-1.2.11.jar;C:\Users\Utente-PC\.m2\repository\ch\qos\logback\logback-core\1.2.11\logback-core-1.2.11.jar;C:\Users\Utente-PC\.m2\repository\org\apache\logging\log4j\log4j-to-slf4j\2.17.2\log4j-to-slf4j-2.17.2.jar;C:\Users\Utente-PC\.m2\repository\org\apache\logging\log4j\log4j-api\2.17.2\log4j-api-2.17.2.jar;C:\Users\Utente-PC\.m2\repository\org\slf4j\jul-to-slf4j\1.7.36\jul-to-slf4j-1.7.36.jar;C:\Users\Utente-PC\.m2\repository\jakarta\annotation\jakarta.annotation-api\1.3.5\jakarta.annotation-api-1.3.5.jar;C:\Users\Utente-PC\.m2\repository\org\yaml\snakeyaml\1.29\snakeyaml-1.29.jar;C:\Users\Utente-PC\.m2\repository\org\springframework\boot\spring-boot-starter-json\2.6.6\spring-boot-starter-json-2.6.6.jar;C:\Users\Utente-PC\.m2\repository\com\fasterxml\jackson\core\jackson-databind\2.13.2.2\jackson-databind-2.13.2.2.jar;C:\Users\Utente-PC\.m2\repository\com\fasterxml\jackson\core\jackson-annotations\2.13.2\jackson-annotations-2.13.2.jar;C:\Users\Utente-PC\.m2\repository\com\fasterxml\jackson\core\jackson-core\2.13.2\jackson-core-2.13.2.jar;C:\Users\Utente-PC\.m2\repository\com\fasterxml\jackson\datatype\jackson-datatype-jdk8\2.13.2\jackson-datatype-jdk8-2.13.2.jar;C:\Users\Utente-PC\.m2\repository\com\fasterxml\jackson\datatype\jackson-datatype-jsr310\2.13.2\jackson-datatype-jsr310-2.13.2.jar;C:\Users\Utente-PC\.m2\repository\com\fasterxml\jackson\module\jackson-module-parameter-names\2.13.2\jackson-module-parameter-names-2.13.2.jar;C:\Users\Utente-PC\.m2\repository\org\springframework\boot\spring-boot-starter-tomcat\2.6.6\spring-boot-starter-tomcat-2.6.6.jar;C:\Users\Utente-PC\.m2\repository\org\apache\tomcat\embed\tomcat-embed-core\9.0.60\tomcat-embed-core-9.0.60.jar;C:\Users\Utente-PC\.m2\repository\org\apache\tomcat\embed\tomcat-embed-el\9.0.60\tomcat-embed-el-9.0.60.jar;C:\Users\Utente-PC\.m2\repository\org\apache\tomcat\embed\tomcat-embed-websocket\9.0.60\tomcat-embed-websocket-9.0.60.jar;C:\Users\Utente-PC\.m2\repository\org\springframework\spring-web\5.3.18\spring-web-5.3.18.jar;C:\Users\Utente-PC\.m2\repository\org\springframework\spring-webmvc\5.3.18\spring-webmvc-5.3.18.jar;C:\Users\Utente-PC\.m2\repository\org\springframework\spring-expression\5.3.18\spring-expression-5.3.18.jar;C:\Users\Utente-PC\.m2\repository\org\springframework\boot\spring-boot-devtools\2.6.6\spring-boot-devtools-2.6.6.jar;C:\Users\Utente-PC\.m2\repository\org\springframework\boot\spring-boot\2.6.6\spring-boot-2.6.6.jar;C:\Users\Utente-PC\.m2\repository\org\springframework\boot\spring-boot-autoconfigure\2.6.6\spring-boot-autoconfigure-2.6.6.jar;C:\Users\Utente-PC\.m2\repository\com\h2database\h2\1.4.200\h2-1.4.200.jar;C:\Users\Utente-PC\.m2\repository\org\projectlombok\lombok\1.18.22\lombok-1.18.22.jar;C:\Users\Utente-PC\.m2\repository\jakarta\xml\bind\jakarta.xml.bind-api\2.3.3\jakarta.xml.bind-api-2.3.3.jar;C:\Users\Utente-PC\.m2\repository\jakarta\activation\jakarta.activation-api\1.2.2\jakarta.activation-api-1.2.2.jar;C:\Users\Utente-PC\.m2\repository\org\springframework\spring-core\5.3.18\spring-core-5.3.18.jar;C:\Users\Utente-PC\.m2\repository\org\springframework\spring-jcl\5.3.18\spring-jcl-5.3.18.jar
Launcher Type: SUN_STANDARD

[Global flags]
     intx CICompilerCount                          = 2                                         {product} {ergonomic}
     uint ConcGCThreads                            = 1                                         {product} {ergonomic}
     uint G1ConcRefinementThreads                  = 2                                         {product} {ergonomic}
   size_t G1HeapRegionSize                         = 1048576                                   {product} {ergonomic}
    uintx GCDrainStackTargetSize                   = 64                                        {product} {ergonomic}
   size_t InitialHeapSize                          = 100663296                                 {product} {ergonomic}
   size_t MarkStackSize                            = 4194304                                   {product} {ergonomic}
   size_t MaxHeapSize                              = 1583349760                                {product} {ergonomic}
   size_t MaxNewSize                               = 950009856                                 {product} {ergonomic}
   size_t MinHeapDeltaBytes                        = 1048576                                   {product} {ergonomic}
   size_t MinHeapSize                              = 8388608                                   {product} {ergonomic}
    uintx NonNMethodCodeHeapSize                   = 5826188                                {pd product} {ergonomic}
    uintx NonProfiledCodeHeapSize                  = 122916026                              {pd product} {ergonomic}
    uintx ProfiledCodeHeapSize                     = 122916026                              {pd product} {ergonomic}
    uintx ReservedCodeCacheSize                    = 251658240                              {pd product} {ergonomic}
     bool SegmentedCodeCache                       = true                                      {product} {ergonomic}
   size_t SoftMaxHeapSize                          = 1583349760                             {manageable} {ergonomic}
     bool UseCompressedClassPointers               = true                           {product lp64_product} {ergonomic}
     bool UseCompressedOops                        = true                           {product lp64_product} {ergonomic}
     bool UseG1GC                                  = true                                      {product} {ergonomic}
     bool UseLargePagesIndividualAllocation        = false                                  {pd product} {ergonomic}

Logging:
Log output configuration:
 #0: stdout all=warning uptime,level,tags foldmultilines=false
 #1: stderr all=off uptime,level,tags foldmultilines=false

Environment Variables:
PATH=C:\Program Files\Common Files\Oracle\Java\javapath;C:\Program Files (x86)\NVIDIA Corporation\PhysX\Common;C:\Windows\system32;C:\Windows;C:\Windows\System32\Wbem;C:\Windows\System32\WindowsPowerShell\v1.0\;C:\Program Files\nodejs\;C:\Program Files\Git\cmd;C:\Program Files\MySQL\MySQL Shell 8.0\bin\;C:\Users\Utente-PC\AppData\Local\Microsoft\WindowsApps;;C:\Users\Utente-PC\AppData\Local\Programs\Microsoft VS Code\bin;C:\Users\Utente-PC\AppData\Roaming\npm
USERNAME=Utente-PC
OS=Windows_NT
PROCESSOR_IDENTIFIER=Intel64 Family 6 Model 42 Stepping 7, GenuineIntel
TMP=C:\Users\UTENTE~1\AppData\Local\Temp
TEMP=C:\Users\UTENTE~1\AppData\Local\Temp



---------------  S Y S T E M  ---------------

OS:
 Windows 10 , 64 bit Build 19041 (10.0.19041.2788)
OS uptime: 0 days 4:26 hours

CPU: total 2 (initial active 2) (2 cores per cpu, 1 threads per core) family 6 model 42 stepping 7 microcode 0x2f, cx8, cmov, fxsr, mmx, sse, sse2, sse3, ssse3, sse4.1, sse4.2, popcnt, tsc, tscinvbit, clmul, clflush, rdtscp

Memory: 4k page, system-wide physical 6033M (534M free)
TotalPageFile size 6033M (AvailPageFile size 2M)
current process WorkingSet (physical memory assigned to process): 193M, peak: 199M
current process commit charge ("private bytes"): 221M, peak: 226M

vm_info: OpenJDK 64-Bit Server VM (19.0.2+7-44) for windows-amd64 JRE (19.0.2+7-44), built on 2022-11-30T18:02:09Z by "mach5one" with MS VC++ 17.1 (VS2022)

END.
