#
# There is insufficient memory for the Java Runtime Environment to continue.
# Native memory allocation (malloc) failed to allocate 1948160 bytes for Chunk::new
# Possible reasons:
#   The system is out of physical RAM or swap space
#   The process is running with CompressedOops enabled, and the Java Heap may be blocking the growth of the native heap
# Possible solutions:
#   Reduce memory load on the system
#   Increase physical memory or swap space
#   Check if swap backing store is full
#   Decrease Java heap size (-Xmx/-Xms)
#   Decrease number of Java threads
#   Decrease Java thread stack sizes (-Xss)
#   Set larger code cache with -XX:ReservedCodeCacheSize=
#   JVM is running with Unscaled Compressed Oops mode in which the Java heap is
#     placed in the first 4GB address space. The Java Heap base address is the
#     maximum limit for the native heap growth. Please use -XX:HeapBaseMinAddress
#     to set the Java Heap base and to place the Java Heap above 4GB virtual address.
# This output file may be truncated or incomplete.
#
#  Out of Memory Error (arena.cpp:184), pid=8788, tid=4088
#
# JRE version: OpenJDK Runtime Environment (19.0.2+7) (build 19.0.2+7-44)
# Java VM: OpenJDK 64-Bit Server VM (19.0.2+7-44, mixed mode, sharing, tiered, compressed oops, compressed class ptrs, g1 gc, windows-amd64)
# No core dump will be written. Minidumps are not enabled by default on client versions of Windows
#

---------------  S U M M A R Y ------------

Command Line: -javaagent:C:\Program Files\JetBrains\IntelliJ IDEA Community Edition 2022.2.1\lib\idea_rt.jar=50671:C:\Program Files\JetBrains\IntelliJ IDEA Community Edition 2022.2.1\bin -Dfile.encoding=UTF-8 -Dsun.stdout.encoding=UTF-8 -Dsun.stderr.encoding=UTF-8 co.develhope.mockdb.MockDbApplication

Host: Intel(R) Celeron(R) CPU B830 @ 1.80GHz, 2 cores, 5G,  Windows 10 , 64 bit Build 19041 (10.0.19041.2788)
Time: Sun May  7 17:23:45 2023 ora legale Europa occidentale elapsed time: 13.790546 seconds (0d 0h 0m 13s)

---------------  T H R E A D  ---------------

Current thread (0x000002194bf33c60):  JavaThread "C2 CompilerThread0" daemon [_thread_in_native, id=4088, stack(0x000000de03b00000,0x000000de03c00000)]


Current CompileTask:
C2:  13790 4150       4       org.springframework.core.annotation.TypeMappedAnnotations::get (52 bytes)

Stack: [0x000000de03b00000,0x000000de03c00000]
Native frames: (J=compiled Java code, j=interpreted, Vv=VM code, C=native code)
V  [jvm.dll+0x6ee21a]
V  [jvm.dll+0x85765e]
V  [jvm.dll+0x85904e]
V  [jvm.dll+0x859703]
V  [jvm.dll+0x28298f]
V  [jvm.dll+0xc9adf]
V  [jvm.dll+0xc9e65]
V  [jvm.dll+0x3bca4c]
V  [jvm.dll+0x3860e1]
V  [jvm.dll+0x38555a]
V  [jvm.dll+0x24c3d9]
V  [jvm.dll+0x24b781]
V  [jvm.dll+0x1d6ce1]
V  [jvm.dll+0x25b25a]
V  [jvm.dll+0x2596e8]
V  [jvm.dll+0x807588]
V  [jvm.dll+0x80125a]
V  [jvm.dll+0x6ecf0b]
C  [ucrtbase.dll+0x21bb2]
C  [KERNEL32.DLL+0x17604]
C  [ntdll.dll+0x526a1]


---------------  P R O C E S S  ---------------

Threads class SMR info:
_java_thread_list=0x0000021952ca0790, length=20, elements={
0x000002192d7c5d40, 0x000002194bf00e20, 0x000002194bf02550, 0x000002194bf04760,
0x000002194bf081b0, 0x000002194bf0c440, 0x000002194bf2d800, 0x000002194bf33c60,
0x000002194bf3a190, 0x000002194bf4ff00, 0x00000219501ac840, 0x000002195051baa0,
0x000002195051bfe0, 0x000002195091a020, 0x000002195091a9e0, 0x000002195140bd80,
0x0000021950ad98f0, 0x0000021950ad73c0, 0x0000021950ad9e40, 0x0000021950ad6920
}

Java Threads: ( => current thread )
  0x000002192d7c5d40 JavaThread "main" [_thread_blocked, id=2168, stack(0x000000de02e00000,0x000000de02f00000)]
  0x000002194bf00e20 JavaThread "Reference Handler" daemon [_thread_blocked, id=8816, stack(0x000000de03500000,0x000000de03600000)]
  0x000002194bf02550 JavaThread "Finalizer" daemon [_thread_blocked, id=2648, stack(0x000000de03600000,0x000000de03700000)]
  0x000002194bf04760 JavaThread "Signal Dispatcher" daemon [_thread_blocked, id=8696, stack(0x000000de03700000,0x000000de03800000)]
  0x000002194bf081b0 JavaThread "Attach Listener" daemon [_thread_blocked, id=7100, stack(0x000000de03800000,0x000000de03900000)]
  0x000002194bf0c440 JavaThread "Service Thread" daemon [_thread_blocked, id=6208, stack(0x000000de03900000,0x000000de03a00000)]
  0x000002194bf2d800 JavaThread "Monitor Deflation Thread" daemon [_thread_blocked, id=1420, stack(0x000000de03a00000,0x000000de03b00000)]
=>0x000002194bf33c60 JavaThread "C2 CompilerThread0" daemon [_thread_in_native, id=4088, stack(0x000000de03b00000,0x000000de03c00000)]
  0x000002194bf3a190 JavaThread "C1 CompilerThread0" daemon [_thread_blocked, id=6896, stack(0x000000de03c00000,0x000000de03d00000)]
  0x000002194bf4ff00 JavaThread "Sweeper thread" daemon [_thread_blocked, id=8940, stack(0x000000de03d00000,0x000000de03e00000)]
  0x00000219501ac840 JavaThread "Common-Cleaner" daemon [_thread_blocked, id=6256, stack(0x000000de03e00000,0x000000de03f00000)]
  0x000002195051baa0 JavaThread "Monitor Ctrl-Break" daemon [_thread_in_native, id=7888, stack(0x000000de03f00000,0x000000de04000000)]
  0x000002195051bfe0 JavaThread "Notification Thread" daemon [_thread_blocked, id=3668, stack(0x000000de04000000,0x000000de04100000)]
  0x000002195091a020 JavaThread "Thread-0" [_thread_blocked, id=8820, stack(0x000000de04300000,0x000000de04400000)]
  0x000002195091a9e0 JavaThread "restartedMain" [_thread_in_vm, id=7692, stack(0x000000de04400000,0x000000de04500000)]
  0x000002195140bd80 JavaThread "HikariPool-1 housekeeper" daemon [_thread_blocked, id=3156, stack(0x000000de04500000,0x000000de04600000)]
  0x0000021950ad98f0 JavaThread "HikariPool-1 connection adder" daemon [_thread_blocked, id=5168, stack(0x000000de04600000,0x000000de04700000)]
  0x0000021950ad73c0 JavaThread "Catalina-utility-1" [_thread_blocked, id=4700, stack(0x000000de04700000,0x000000de04800000)]
  0x0000021950ad9e40 JavaThread "Catalina-utility-2" [_thread_blocked, id=6120, stack(0x000000de04800000,0x000000de04900000)]
  0x0000021950ad6920 JavaThread "container-0" [_thread_blocked, id=4444, stack(0x000000de04900000,0x000000de04a00000)]

Other Threads:
  0x000002194bee9400 VMThread "VM Thread" [stack: 0x000000de03400000,0x000000de03500000] [id=1244]
  0x0000021950450440 WatcherThread "VM Periodic Task Thread" [stack: 0x000000de04100000,0x000000de04200000] [id=6580]
  0x000002192d8133d0 WorkerThread "GC Thread#0" [stack: 0x000000de02f00000,0x000000de03000000] [id=3604]
  0x000002195055ff30 WorkerThread "GC Thread#1" [stack: 0x000000de04200000,0x000000de04300000] [id=6772]
  0x000002192d81fff0 ConcurrentGCThread "G1 Main Marker" [stack: 0x000000de03000000,0x000000de03100000] [id=4688]
  0x000002192d821fd0 WorkerThread "G1 Conc#0" [stack: 0x000000de03100000,0x000000de03200000] [id=7608]
  0x000002192d8847e0 ConcurrentGCThread "G1 Refine#0" [stack: 0x000000de03200000,0x000000de03300000] [id=9200]
  0x000002192d8854c0 ConcurrentGCThread "G1 Service" [stack: 0x000000de03300000,0x000000de03400000] [id=4900]

Threads with active compile tasks:
C2 CompilerThread0    13846 4150       4       org.springframework.core.annotation.TypeMappedAnnotations::get (52 bytes)

VM state: not at safepoint (normal execution)

VM Mutex/Monitor currently owned by a thread: None

Heap address: 0x00000000a1a00000, size: 1510 MB, Compressed Oops mode: 32-bit

CDS archive(s) mapped at: [0x0000000800000000-0x0000000800c40000-0x0000000800c40000), size 12845056, SharedBaseAddress: 0x0000000800000000, ArchiveRelocationMode: 0.
Compressed class space mapped at: 0x0000000801000000-0x0000000841000000, reserved size: 1073741824
Narrow klass base: 0x0000000800000000, Narrow klass shift: 0, Narrow klass range: 0x100000000

GC Precious Log:
 CardTable entry size: 512
 Card Set container configuration: InlinePtr #cards 5 size 8 Array Of Cards #cards 12 size 40 Howl #buckets 4 coarsen threshold 1843 Howl Bitmap #cards 512 size 80 coarsen threshold 460 Card regions per heap region 1 cards per card region 2048
 CPUs: 2 total, 2 available
 Memory: 6033M
 Large Page Support: Disabled
 NUMA Support: Disabled
 Compressed Oops: Enabled (32-bit)
 Heap Region Size: 1M
 Heap Min Capacity: 8M
 Heap Initial Capacity: 96M
 Heap Max Capacity: 1510M
 Pre-touch: Disabled
 Parallel Workers: 2
 Concurrent Workers: 1
 Concurrent Refinement Workers: 2
 Periodic GC: Disabled

Heap:
 garbage-first heap   total 65536K, used 36825K [0x00000000a1a00000, 0x0000000100000000)
  region size 1024K, 20 young (20480K), 1 survivors (1024K)
 Metaspace       used 48623K, committed 49088K, reserved 1114112K
  class space    used 6309K, committed 6528K, reserved 1048576K

Heap Regions: E=young(eden), S=young(survivor), O=old, HS=humongous(starts), HC=humongous(continues), CS=collection set, F=free, OA=open archive, CA=closed archive, TAMS=top-at-mark-start (previous, next)
|   0|0x00000000a1a00000, 0x00000000a1b00000, 0x00000000a1b00000|100%|HS|  |TAMS 0x00000000a1b00000, 0x00000000a1a00000| Complete 
|   1|0x00000000a1b00000, 0x00000000a1c00000, 0x00000000a1c00000|100%| O|  |TAMS 0x00000000a1c00000, 0x00000000a1b00000| Untracked 
|   2|0x00000000a1c00000, 0x00000000a1d00000, 0x00000000a1d00000|100%| O|  |TAMS 0x00000000a1d00000, 0x00000000a1c00000| Untracked 
|   3|0x00000000a1d00000, 0x00000000a1e00000, 0x00000000a1e00000|100%| O|  |TAMS 0x00000000a1e00000, 0x00000000a1d00000| Untracked 
|   4|0x00000000a1e00000, 0x00000000a1f00000, 0x00000000a1f00000|100%| O|  |TAMS 0x00000000a1e00000, 0x00000000a1e00000| Untracked 
|   5|0x00000000a1f00000, 0x00000000a2000000, 0x00000000a2000000|100%| O|  |TAMS 0x00000000a2000000, 0x00000000a1f00000| Untracked 
|   6|0x00000000a2000000, 0x00000000a2100000, 0x00000000a2100000|100%| O|  |TAMS 0x00000000a2100000, 0x00000000a2000000| Untracked 
|   7|0x00000000a2100000, 0x00000000a2200000, 0x00000000a2200000|100%| O|  |TAMS 0x00000000a2200000, 0x00000000a2100000| Untracked 
|   8|0x00000000a2200000, 0x00000000a2300000, 0x00000000a2300000|100%| O|  |TAMS 0x00000000a2300000, 0x00000000a2200000| Untracked 
|   9|0x00000000a2300000, 0x00000000a2400000, 0x00000000a2400000|100%| O|  |TAMS 0x00000000a2400000, 0x00000000a2300000| Untracked 
|  10|0x00000000a2400000, 0x00000000a2500000, 0x00000000a2500000|100%| O|  |TAMS 0x00000000a2500000, 0x00000000a2400000| Untracked 
|  11|0x00000000a2500000, 0x00000000a2600000, 0x00000000a2600000|100%| O|  |TAMS 0x00000000a2600000, 0x00000000a2500000| Untracked 
|  12|0x00000000a2600000, 0x00000000a2700000, 0x00000000a2700000|100%| O|  |TAMS 0x00000000a2700000, 0x00000000a2600000| Untracked 
|  13|0x00000000a2700000, 0x00000000a2800000, 0x00000000a2800000|100%| O|  |TAMS 0x00000000a2700000, 0x00000000a2700000| Untracked 
|  14|0x00000000a2800000, 0x00000000a2900000, 0x00000000a2900000|100%| O|  |TAMS 0x00000000a2800000, 0x00000000a2800000| Untracked 
|  15|0x00000000a2900000, 0x00000000a2a00000, 0x00000000a2a00000|100%| O|  |TAMS 0x00000000a2900000, 0x00000000a2900000| Untracked 
|  16|0x00000000a2a00000, 0x00000000a2b00000, 0x00000000a2b00000|100%| O|  |TAMS 0x00000000a2b00000, 0x00000000a2a00000| Untracked 
|  17|0x00000000a2b00000, 0x00000000a2b00000, 0x00000000a2c00000|  0%| F|  |TAMS 0x00000000a2b00000, 0x00000000a2b00000| Untracked 
|  18|0x00000000a2c00000, 0x00000000a2d00000, 0x00000000a2d00000|100%| O|  |TAMS 0x00000000a2c00000, 0x00000000a2c00000| Untracked 
|  19|0x00000000a2d00000, 0x00000000a2d62800, 0x00000000a2e00000| 38%| O|  |TAMS 0x00000000a2d00000, 0x00000000a2d00000| Untracked 
|  20|0x00000000a2e00000, 0x00000000a2e00000, 0x00000000a2f00000|  0%| F|  |TAMS 0x00000000a2e00000, 0x00000000a2e00000| Untracked 
|  21|0x00000000a2f00000, 0x00000000a2f00000, 0x00000000a3000000|  0%| F|  |TAMS 0x00000000a2f00000, 0x00000000a2f00000| Untracked 
|  22|0x00000000a3000000, 0x00000000a3000000, 0x00000000a3100000|  0%| F|  |TAMS 0x00000000a3000000, 0x00000000a3000000| Untracked 
|  23|0x00000000a3100000, 0x00000000a3100000, 0x00000000a3200000|  0%| F|  |TAMS 0x00000000a3100000, 0x00000000a3100000| Untracked 
|  24|0x00000000a3200000, 0x00000000a3200000, 0x00000000a3300000|  0%| F|  |TAMS 0x00000000a3200000, 0x00000000a3200000| Untracked 
|  25|0x00000000a3300000, 0x00000000a3300000, 0x00000000a3400000|  0%| F|  |TAMS 0x00000000a3300000, 0x00000000a3300000| Untracked 
|  26|0x00000000a3400000, 0x00000000a3400000, 0x00000000a3500000|  0%| F|  |TAMS 0x00000000a3400000, 0x00000000a3400000| Untracked 
|  27|0x00000000a3500000, 0x00000000a3500000, 0x00000000a3600000|  0%| F|  |TAMS 0x00000000a3500000, 0x00000000a3500000| Untracked 
|  28|0x00000000a3600000, 0x00000000a3600000, 0x00000000a3700000|  0%| F|  |TAMS 0x00000000a3600000, 0x00000000a3600000| Untracked 
|  29|0x00000000a3700000, 0x00000000a3700000, 0x00000000a3800000|  0%| F|  |TAMS 0x00000000a3700000, 0x00000000a3700000| Untracked 
|  30|0x00000000a3800000, 0x00000000a3800000, 0x00000000a3900000|  0%| F|  |TAMS 0x00000000a3800000, 0x00000000a3800000| Untracked 
|  31|0x00000000a3900000, 0x00000000a3900000, 0x00000000a3a00000|  0%| F|  |TAMS 0x00000000a3900000, 0x00000000a3900000| Untracked 
|  32|0x00000000a3a00000, 0x00000000a3a00000, 0x00000000a3b00000|  0%| F|  |TAMS 0x00000000a3a00000, 0x00000000a3a00000| Untracked 
|  33|0x00000000a3b00000, 0x00000000a3b00000, 0x00000000a3c00000|  0%| F|  |TAMS 0x00000000a3b00000, 0x00000000a3b00000| Untracked 
|  34|0x00000000a3c00000, 0x00000000a3c00000, 0x00000000a3d00000|  0%| F|  |TAMS 0x00000000a3c00000, 0x00000000a3c00000| Untracked 
|  35|0x00000000a3d00000, 0x00000000a3d00000, 0x00000000a3e00000|  0%| F|  |TAMS 0x00000000a3d00000, 0x00000000a3d00000| Untracked 
|  36|0x00000000a3e00000, 0x00000000a3e00000, 0x00000000a3f00000|  0%| F|  |TAMS 0x00000000a3e00000, 0x00000000a3e00000| Untracked 
|  37|0x00000000a3f00000, 0x00000000a3f00000, 0x00000000a4000000|  0%| F|  |TAMS 0x00000000a3f00000, 0x00000000a3f00000| Untracked 
|  38|0x00000000a4000000, 0x00000000a4000000, 0x00000000a4100000|  0%| F|  |TAMS 0x00000000a4000000, 0x00000000a4000000| Untracked 
|  39|0x00000000a4100000, 0x00000000a4100000, 0x00000000a4200000|  0%| F|  |TAMS 0x00000000a4100000, 0x00000000a4100000| Untracked 
|  40|0x00000000a4200000, 0x00000000a4200000, 0x00000000a4300000|  0%| F|  |TAMS 0x00000000a4200000, 0x00000000a4200000| Untracked 
|  41|0x00000000a4300000, 0x00000000a4300000, 0x00000000a4400000|  0%| F|  |TAMS 0x00000000a4300000, 0x00000000a4300000| Untracked 
|  42|0x00000000a4400000, 0x00000000a4400000, 0x00000000a4500000|  0%| F|  |TAMS 0x00000000a4400000, 0x00000000a4400000| Untracked 
|  43|0x00000000a4500000, 0x00000000a4500000, 0x00000000a4600000|  0%| F|  |TAMS 0x00000000a4500000, 0x00000000a4500000| Untracked 
|  44|0x00000000a4600000, 0x00000000a46130f8, 0x00000000a4700000|  7%| E|  |TAMS 0x00000000a4600000, 0x00000000a4600000| Complete 
|  45|0x00000000a4700000, 0x00000000a4800000, 0x00000000a4800000|100%| E|CS|TAMS 0x00000000a4700000, 0x00000000a4700000| Complete 
|  46|0x00000000a4800000, 0x00000000a4900000, 0x00000000a4900000|100%| E|  |TAMS 0x00000000a4800000, 0x00000000a4800000| Complete 
|  47|0x00000000a4900000, 0x00000000a4a00000, 0x00000000a4a00000|100%| E|CS|TAMS 0x00000000a4900000, 0x00000000a4900000| Complete 
|  48|0x00000000a4a00000, 0x00000000a4b00000, 0x00000000a4b00000|100%| E|CS|TAMS 0x00000000a4a00000, 0x00000000a4a00000| Complete 
|  49|0x00000000a4b00000, 0x00000000a4c00000, 0x00000000a4c00000|100%| E|CS|TAMS 0x00000000a4b00000, 0x00000000a4b00000| Complete 
|  50|0x00000000a4c00000, 0x00000000a4d00000, 0x00000000a4d00000|100%| E|CS|TAMS 0x00000000a4c00000, 0x00000000a4c00000| Complete 
|  51|0x00000000a4d00000, 0x00000000a4e00000, 0x00000000a4e00000|100%| E|CS|TAMS 0x00000000a4d00000, 0x00000000a4d00000| Complete 
|  52|0x00000000a4e00000, 0x00000000a4f00000, 0x00000000a4f00000|100%| E|CS|TAMS 0x00000000a4e00000, 0x00000000a4e00000| Complete 
|  53|0x00000000a4f00000, 0x00000000a5000000, 0x00000000a5000000|100%| E|CS|TAMS 0x00000000a4f00000, 0x00000000a4f00000| Complete 
|  54|0x00000000a5000000, 0x00000000a5100000, 0x00000000a5100000|100%| E|CS|TAMS 0x00000000a5000000, 0x00000000a5000000| Complete 
|  55|0x00000000a5100000, 0x00000000a5200000, 0x00000000a5200000|100%| E|CS|TAMS 0x00000000a5100000, 0x00000000a5100000| Complete 
|  56|0x00000000a5200000, 0x00000000a5300000, 0x00000000a5300000|100%| E|CS|TAMS 0x00000000a5200000, 0x00000000a5200000| Complete 
|  57|0x00000000a5300000, 0x00000000a5400000, 0x00000000a5400000|100%| E|CS|TAMS 0x00000000a5300000, 0x00000000a5300000| Complete 
|  58|0x00000000a5400000, 0x00000000a5500000, 0x00000000a5500000|100%| E|CS|TAMS 0x00000000a5400000, 0x00000000a5400000| Complete 
|  59|0x00000000a5500000, 0x00000000a5600000, 0x00000000a5600000|100%| E|CS|TAMS 0x00000000a5500000, 0x00000000a5500000| Complete 
|  60|0x00000000a5600000, 0x00000000a5700000, 0x00000000a5700000|100%| E|CS|TAMS 0x00000000a5600000, 0x00000000a5600000| Complete 
|  61|0x00000000a5700000, 0x00000000a5800000, 0x00000000a5800000|100%| E|CS|TAMS 0x00000000a5700000, 0x00000000a5700000| Complete 
|  62|0x00000000a5800000, 0x00000000a5893ec0, 0x00000000a5900000| 57%| S|CS|TAMS 0x00000000a5800000, 0x00000000a5800000| Complete 
|  64|0x00000000a5a00000, 0x00000000a5b00000, 0x00000000a5b00000|100%| E|CS|TAMS 0x00000000a5a00000, 0x00000000a5a00000| Complete 

Card table byte_map: [0x0000021946610000,0x0000021946910000] _byte_map_base: 0x0000021946103000

Marking Bits (Prev, Next): (CMBitMap*) 0x000002192d813a00, (CMBitMap*) 0x000002192d813a40
 Prev Bits: [0x0000021946c10000, 0x00000219483a8000)
 Next Bits: [0x00000219483b0000, 0x0000021949b48000)

Polling page: 0x000002192d890000

Metaspace:

Usage:
  Non-class:     41.33 MB used.
      Class:      6.16 MB used.
       Both:     47.49 MB used.

Virtual space:
  Non-class space:       64.00 MB reserved,      41.56 MB ( 65%) committed,  1 nodes.
      Class space:        1.00 GB reserved,       6.38 MB ( <1%) committed,  1 nodes.
             Both:        1.06 GB reserved,      47.94 MB (  4%) committed. 

Chunk freelists:
   Non-Class:  2.23 MB
       Class:  1.62 MB
        Both:  3.86 MB

MaxMetaspaceSize: unlimited
CompressedClassSpaceSize: 1.00 GB
Initial GC threshold: 21.00 MB
Current GC threshold: 58.69 MB
CDS: on
MetaspaceReclaimPolicy: balanced
 - commit_granule_bytes: 65536.
 - commit_granule_words: 8192.
 - virtual_space_node_default_size: 8388608.
 - enlarge_chunks_in_place: 1.
 - new_chunks_are_fully_committed: 0.
 - uncommit_free_chunks: 1.
 - use_allocation_guard: 0.


Internal statistics:

num_allocs_failed_limit: 6.
num_arena_births: 502.
num_arena_deaths: 0.
num_vsnodes_births: 2.
num_vsnodes_deaths: 0.
num_space_committed: 767.
num_space_uncommitted: 0.
num_chunks_returned_to_freelist: 6.
num_chunks_taken_from_freelist: 2222.
num_chunk_merges: 6.
num_chunk_splits: 1621.
num_chunks_enlarged: 1336.
num_inconsistent_stats: 0.

CodeHeap 'non-profiled nmethods': size=120064Kb used=2191Kb max_used=2191Kb free=117872Kb
 bounds [0x000002193e9d0000, 0x000002193ec40000, 0x0000021945f10000]
CodeHeap 'profiled nmethods': size=120000Kb used=9603Kb max_used=9603Kb free=110396Kb
 bounds [0x0000021936f10000, 0x0000021937880000, 0x000002193e440000]
CodeHeap 'non-nmethods': size=5696Kb used=1368Kb max_used=1398Kb free=4327Kb
 bounds [0x000002193e440000, 0x000002193e6b0000, 0x000002193e9d0000]
 total_blobs=4947 nmethods=4337 adapters=521
 compilation: enabled
              stopped_count=0, restarted_count=0
 full_count=0

Compilation events (20 events):
Event: 13.737 Thread 0x000002194bf3a190 4323       2       org.springframework.context.support.ApplicationObjectSupport::getApplicationContext (51 bytes)
Event: 13.738 Thread 0x000002194bf3a190 nmethod 4323 0x000002193785cf10 code [0x000002193785d120, 0x000002193785d4a8]
Event: 13.738 Thread 0x000002194bf3a190 4324       2       org.springframework.context.support.ApplicationObjectSupport::obtainApplicationContext (21 bytes)
Event: 13.738 Thread 0x000002194bf3a190 nmethod 4324 0x000002193785d710 code [0x000002193785d8c0, 0x000002193785dab8]
Event: 13.739 Thread 0x000002194bf3a190 4325       2       java.util.concurrent.ConcurrentHashMap::forEach (65 bytes)
Event: 13.740 Thread 0x000002194bf3a190 nmethod 4325 0x000002193785dc10 code [0x000002193785dde0, 0x000002193785e0f8]
Event: 13.740 Thread 0x000002194bf3a190 4326       2       org.springframework.core.SimpleAliasRegistry::retrieveAliases (18 bytes)
Event: 13.741 Thread 0x000002194bf3a190 nmethod 4326 0x000002193785e310 code [0x000002193785e4e0, 0x000002193785e7b8]
Event: 13.741 Thread 0x000002194bf3a190 4327       2       org.springframework.core.SimpleAliasRegistry$$Lambda$436/0x00000008012a8e18::accept (24 bytes)
Event: 13.741 Thread 0x000002194bf3a190 nmethod 4327 0x000002193785e910 code [0x000002193785eb00, 0x000002193785eeb8]
Event: 13.741 Thread 0x000002194bf3a190 4328       2       org.springframework.beans.factory.support.AbstractBeanFactory::getAliases (213 bytes)
Event: 13.744 Thread 0x000002194bf3a190 nmethod 4328 0x000002193785f110 code [0x000002193785f440, 0x0000021937860348]
Event: 13.755 Thread 0x000002194bf3a190 4329       2       org.springframework.core.MethodParameter::getParameterType (48 bytes)
Event: 13.756 Thread 0x000002194bf3a190 nmethod 4329 0x0000021937860d90 code [0x0000021937860f60, 0x00000219378611d8]
Event: 13.756 Thread 0x000002194bf3a190 4330   !   2       jdk.proxy2.$Proxy87::annotationType (29 bytes)
Event: 13.756 Thread 0x000002194bf3a190 nmethod 4330 0x0000021937861310 code [0x00000219378614e0, 0x0000021937861758]
Event: 13.757 Thread 0x000002194bf3a190 4331       2       java.util.LinkedHashMap::entrySet (27 bytes)
Event: 13.757 Thread 0x000002194bf3a190 nmethod 4331 0x0000021937861910 code [0x0000021937861ac0, 0x0000021937861d18]
Event: 13.781 Thread 0x000002194bf3a190 4332   !   2       org.springframework.beans.factory.support.AbstractBeanFactory::doResolveBeanClass (284 bytes)
Event: 13.784 Thread 0x000002194bf3a190 nmethod 4332 0x0000021937861d90 code [0x0000021937862120, 0x00000219378630b8]

GC Heap History (20 events):
Event: 0.907 GC heap before
{Heap before GC invocations=1 (full 0):
 garbage-first heap   total 98304K, used 7700K [0x00000000a1a00000, 0x0000000100000000)
  region size 1024K, 4 young (4096K), 1 survivors (1024K)
 Metaspace       used 2351K, committed 2496K, reserved 1114112K
  class space    used 191K, committed 256K, reserved 1048576K
}
Event: 0.912 GC heap after
{Heap after GC invocations=2 (full 0):
 garbage-first heap   total 98304K, used 5755K [0x00000000a1a00000, 0x0000000100000000)
  region size 1024K, 1 young (1024K), 1 survivors (1024K)
 Metaspace       used 2351K, committed 2496K, reserved 1114112K
  class space    used 191K, committed 256K, reserved 1048576K
}
Event: 1.509 GC heap before
{Heap before GC invocations=2 (full 0):
 garbage-first heap   total 98304K, used 13947K [0x00000000a1a00000, 0x0000000100000000)
  region size 1024K, 10 young (10240K), 1 survivors (1024K)
 Metaspace       used 4900K, committed 5056K, reserved 1114112K
  class space    used 498K, committed 576K, reserved 1048576K
}
Event: 1.515 GC heap after
{Heap after GC invocations=3 (full 0):
 garbage-first heap   total 98304K, used 6904K [0x00000000a1a00000, 0x0000000100000000)
  region size 1024K, 2 young (2048K), 2 survivors (2048K)
 Metaspace       used 4900K, committed 5056K, reserved 1114112K
  class space    used 498K, committed 576K, reserved 1048576K
}
Event: 3.135 GC heap before
{Heap before GC invocations=3 (full 0):
 garbage-first heap   total 98304K, used 35576K [0x00000000a1a00000, 0x0000000100000000)
  region size 1024K, 31 young (31744K), 2 survivors (2048K)
 Metaspace       used 13225K, committed 13568K, reserved 1114112K
  class space    used 1517K, committed 1664K, reserved 1048576K
}
Event: 3.148 GC heap after
{Heap after GC invocations=4 (full 0):
 garbage-first heap   total 98304K, used 8952K [0x00000000a1a00000, 0x0000000100000000)
  region size 1024K, 4 young (4096K), 4 survivors (4096K)
 Metaspace       used 13225K, committed 13568K, reserved 1114112K
  class space    used 1517K, committed 1664K, reserved 1048576K
}
Event: 6.129 GC heap before
{Heap before GC invocations=4 (full 0):
 garbage-first heap   total 98304K, used 54008K [0x00000000a1a00000, 0x0000000100000000)
  region size 1024K, 50 young (51200K), 4 survivors (4096K)
 Metaspace       used 21221K, committed 21504K, reserved 1114112K
  class space    used 2505K, committed 2624K, reserved 1048576K
}
Event: 6.149 GC heap after
{Heap after GC invocations=5 (full 0):
 garbage-first heap   total 98304K, used 12019K [0x00000000a1a00000, 0x0000000100000000)
  region size 1024K, 7 young (7168K), 7 survivors (7168K)
 Metaspace       used 21221K, committed 21504K, reserved 1114112K
  class space    used 2505K, committed 2624K, reserved 1048576K
}
Event: 7.710 GC heap before
{Heap before GC invocations=6 (full 0):
 garbage-first heap   total 40960K, used 29427K [0x00000000a1a00000, 0x0000000100000000)
  region size 1024K, 24 young (24576K), 7 survivors (7168K)
 Metaspace       used 24919K, committed 25280K, reserved 1114112K
  class space    used 3043K, committed 3200K, reserved 1048576K
}
Event: 7.737 GC heap after
{Heap after GC invocations=7 (full 0):
 garbage-first heap   total 40960K, used 14512K [0x00000000a1a00000, 0x0000000100000000)
  region size 1024K, 3 young (3072K), 3 survivors (3072K)
 Metaspace       used 24919K, committed 25280K, reserved 1114112K
  class space    used 3043K, committed 3200K, reserved 1048576K
}
Event: 7.793 GC heap before
{Heap before GC invocations=7 (full 0):
 garbage-first heap   total 40960K, used 15536K [0x00000000a1a00000, 0x0000000100000000)
  region size 1024K, 4 young (4096K), 3 survivors (3072K)
 Metaspace       used 25216K, committed 25472K, reserved 1114112K
  class space    used 3073K, committed 3200K, reserved 1048576K
}
Event: 7.806 GC heap after
{Heap after GC invocations=8 (full 0):
 garbage-first heap   total 40960K, used 14853K [0x00000000a1a00000, 0x0000000100000000)
  region size 1024K, 1 young (1024K), 1 survivors (1024K)
 Metaspace       used 25216K, committed 25472K, reserved 1114112K
  class space    used 3073K, committed 3200K, reserved 1048576K
}
Event: 9.107 GC heap before
{Heap before GC invocations=8 (full 0):
 garbage-first heap   total 40960K, used 28165K [0x00000000a1a00000, 0x0000000100000000)
  region size 1024K, 15 young (15360K), 1 survivors (1024K)
 Metaspace       used 27467K, committed 27776K, reserved 1114112K
  class space    used 3305K, committed 3456K, reserved 1048576K
}
Event: 9.114 GC heap after
{Heap after GC invocations=9 (full 0):
 garbage-first heap   total 66560K, used 15583K [0x00000000a1a00000, 0x0000000100000000)
  region size 1024K, 2 young (2048K), 2 survivors (2048K)
 Metaspace       used 27467K, committed 27776K, reserved 1114112K
  class space    used 3305K, committed 3456K, reserved 1048576K
}
Event: 10.805 GC heap before
{Heap before GC invocations=9 (full 0):
 garbage-first heap   total 66560K, used 43231K [0x00000000a1a00000, 0x0000000100000000)
  region size 1024K, 31 young (31744K), 2 survivors (2048K)
 Metaspace       used 35649K, committed 35968K, reserved 1114112K
  class space    used 4319K, committed 4480K, reserved 1048576K
}
Event: 10.818 GC heap after
{Heap after GC invocations=10 (full 0):
 garbage-first heap   total 66560K, used 17762K [0x00000000a1a00000, 0x0000000100000000)
  region size 1024K, 4 young (4096K), 4 survivors (4096K)
 Metaspace       used 35649K, committed 35968K, reserved 1114112K
  class space    used 4319K, committed 4480K, reserved 1048576K
}
Event: 12.780 GC heap before
{Heap before GC invocations=11 (full 0):
 garbage-first heap   total 65536K, used 48482K [0x00000000a1a00000, 0x0000000100000000)
  region size 1024K, 34 young (34816K), 4 survivors (4096K)
 Metaspace       used 45360K, committed 45760K, reserved 1114112K
  class space    used 5874K, committed 6080K, reserved 1048576K
}
Event: 12.794 GC heap after
{Heap after GC invocations=12 (full 0):
 garbage-first heap   total 65536K, used 19526K [0x00000000a1a00000, 0x0000000100000000)
  region size 1024K, 4 young (4096K), 4 survivors (4096K)
 Metaspace       used 45360K, committed 45760K, reserved 1114112K
  class space    used 5874K, committed 6080K, reserved 1048576K
}
Event: 12.832 GC heap before
{Heap before GC invocations=12 (full 0):
 garbage-first heap   total 65536K, used 20550K [0x00000000a1a00000, 0x0000000100000000)
  region size 1024K, 5 young (5120K), 4 survivors (4096K)
 Metaspace       used 45658K, committed 46016K, reserved 1114112K
  class space    used 5912K, committed 6080K, reserved 1048576K
}
Event: 12.843 GC heap after
{Heap after GC invocations=13 (full 0):
 garbage-first heap   total 65536K, used 19417K [0x00000000a1a00000, 0x0000000100000000)
  region size 1024K, 1 young (1024K), 1 survivors (1024K)
 Metaspace       used 45658K, committed 46016K, reserved 1114112K
  class space    used 5912K, committed 6080K, reserved 1048576K
}

Dll operation events (14 events):
Event: 0.014 Loaded shared library C:\Users\Utente-PC\.jdks\openjdk-19.0.2\bin\java.dll
Event: 0.030 Loaded shared library C:\Users\Utente-PC\.jdks\openjdk-19.0.2\bin\jsvml.dll
Event: 0.263 Loaded shared library C:\Users\Utente-PC\.jdks\openjdk-19.0.2\bin\zip.dll
Event: 0.268 Loaded shared library C:\Users\Utente-PC\.jdks\openjdk-19.0.2\bin\instrument.dll
Event: 0.279 Loaded shared library C:\Users\Utente-PC\.jdks\openjdk-19.0.2\bin\net.dll
Event: 0.282 Loaded shared library C:\Users\Utente-PC\.jdks\openjdk-19.0.2\bin\nio.dll
Event: 0.288 Loaded shared library C:\Users\Utente-PC\.jdks\openjdk-19.0.2\bin\zip.dll
Event: 0.492 Loaded shared library C:\Program Files\JetBrains\IntelliJ IDEA Community Edition 2022.2.1\bin\breakgen64.dll
Event: 0.513 Loaded shared library C:\Users\Utente-PC\.jdks\openjdk-19.0.2\bin\extnet.dll
Event: 0.590 Loaded shared library C:\Users\Utente-PC\.jdks\openjdk-19.0.2\bin\verify.dll
Event: 0.599 Loaded shared library C:\Users\Utente-PC\.jdks\openjdk-19.0.2\bin\jimage.dll
Event: 1.443 Loaded shared library C:\Users\Utente-PC\.jdks\openjdk-19.0.2\bin\management.dll
Event: 1.447 Loaded shared library C:\Users\Utente-PC\.jdks\openjdk-19.0.2\bin\management_ext.dll
Event: 8.475 Loaded shared library C:\Users\Utente-PC\.jdks\openjdk-19.0.2\bin\sunmscapi.dll

Deoptimization events (20 events):
Event: 13.402 Thread 0x000002195091a9e0 DEOPT PACKING pc=0x000002193eb1ee8c sp=0x000000de044fab80
Event: 13.402 Thread 0x000002195091a9e0 DEOPT UNPACKING pc=0x000002193e4a6d9d sp=0x000000de044fab00 mode 2
Event: 13.409 Thread 0x000002195091a9e0 Uncommon trap: trap_request=0xffffff45 fr.pc=0x000002193eb762dc relative=0x000000000000023c
Event: 13.409 Thread 0x000002195091a9e0 Uncommon trap: reason=unstable_if action=reinterpret pc=0x000002193eb762dc method=java.util.concurrent.ConcurrentHashMap.get(Ljava/lang/Object;)Ljava/lang/Object; @ 86 c2
Event: 13.409 Thread 0x000002195091a9e0 DEOPT PACKING pc=0x000002193eb762dc sp=0x000000de044fac10
Event: 13.409 Thread 0x000002195091a9e0 DEOPT UNPACKING pc=0x000002193e4a6d9d sp=0x000000de044fab78 mode 2
Event: 13.478 Thread 0x000002195091a9e0 DEOPT PACKING pc=0x00000219377ffcd8 sp=0x000000de044fcac0
Event: 13.478 Thread 0x000002195091a9e0 DEOPT UNPACKING pc=0x000002193e4a7524 sp=0x000000de044fbfa8 mode 0
Event: 13.621 Thread 0x000002195091a9e0 DEOPT PACKING pc=0x00000219377ffcd8 sp=0x000000de044fd9f0
Event: 13.621 Thread 0x000002195091a9e0 DEOPT UNPACKING pc=0x000002193e4a7524 sp=0x000000de044fced8 mode 0
Event: 13.669 Thread 0x000002195091a9e0 Uncommon trap: trap_request=0xffffff45 fr.pc=0x000002193eb8bdcc relative=0x000000000000072c
Event: 13.669 Thread 0x000002195091a9e0 Uncommon trap: reason=unstable_if action=reinterpret pc=0x000002193eb8bdcc method=org.springframework.core.annotation.AnnotationsScanner.isWithoutHierarchy(Ljava/lang/reflect/AnnotatedElement;Lorg/springframework/core/annotation/MergedAnnotations$SearchSt
Event: 13.669 Thread 0x000002195091a9e0 DEOPT PACKING pc=0x000002193eb8bdcc sp=0x000000de044fd760
Event: 13.669 Thread 0x000002195091a9e0 DEOPT UNPACKING pc=0x000002193e4a6d9d sp=0x000000de044fd730 mode 2
Event: 13.730 Thread 0x000002195091a9e0 Uncommon trap: trap_request=0xffffff45 fr.pc=0x000002193ebeb2b0 relative=0x00000000000031b0
Event: 13.730 Thread 0x000002195091a9e0 Uncommon trap: reason=unstable_if action=reinterpret pc=0x000002193ebeb2b0 method=org.springframework.beans.factory.support.AbstractBeanFactory.isTypeMatch(Ljava/lang/String;Lorg/springframework/core/ResolvableType;Z)Z @ 34 c2
Event: 13.730 Thread 0x000002195091a9e0 DEOPT PACKING pc=0x000002193ebeb2b0 sp=0x000000de044fd9b0
Event: 13.730 Thread 0x000002195091a9e0 DEOPT UNPACKING pc=0x000002193e4a6d9d sp=0x000000de044fd970 mode 2
Event: 13.751 Thread 0x000002195091a9e0 DEOPT PACKING pc=0x00000219377ffcd8 sp=0x000000de044fdaa0
Event: 13.751 Thread 0x000002195091a9e0 DEOPT UNPACKING pc=0x000002193e4a7524 sp=0x000000de044fcf88 mode 0

Classes loaded (20 events):
Event: 13.372 Loading class java/lang/SafeVarargs
Event: 13.372 Loading class java/lang/SafeVarargs done
Event: 13.377 Loading class java/lang/reflect/MalformedParametersException
Event: 13.377 Loading class java/lang/reflect/MalformedParametersException done
Event: 13.402 Loading class java/util/concurrent/ConcurrentHashMap$TreeNode
Event: 13.403 Loading class java/util/concurrent/ConcurrentHashMap$TreeNode done
Event: 13.403 Loading class java/util/concurrent/ConcurrentHashMap$TreeBin
Event: 13.403 Loading class java/util/concurrent/ConcurrentHashMap$TreeBin done
Event: 13.548 Loading class java/nio/charset/UnsupportedCharsetException
Event: 13.548 Loading class java/nio/charset/UnsupportedCharsetException done
Event: 13.583 Loading class java/util/stream/ReduceOps$5
Event: 13.583 Loading class java/util/stream/ReduceOps$5 done
Event: 13.584 Loading class java/util/stream/ReduceOps$CountingSink$OfRef
Event: 13.584 Loading class java/util/stream/ReduceOps$CountingSink
Event: 13.584 Loading class java/util/stream/ReduceOps$CountingSink done
Event: 13.584 Loading class java/util/stream/ReduceOps$CountingSink$OfRef done
Event: 13.643 Loading class java/util/Comparators$NullComparator
Event: 13.643 Loading class java/util/Comparators$NullComparator done
Event: 13.679 Loading class java/util/HashMap$EntrySpliterator
Event: 13.679 Loading class java/util/HashMap$EntrySpliterator done

Classes unloaded (0 events):
No events

Classes redefined (0 events):
No events

Internal exceptions (20 events):
Event: 12.236 Thread 0x000002195091a9e0 Exception <a 'java/lang/NoSuchMethodError'{0x00000000a4449b98}: 'long java.lang.invoke.DelegatingMethodHandle$Holder.reinvoke_L(java.lang.Object, java.lang.Object)'> (0x00000000a4449b98) 
thrown [s\open\src\hotspot\share\interpreter\linkResolver.cpp, line 774]
Event: 12.237 Thread 0x000002195091a9e0 Exception <a 'java/lang/NoSuchMethodError'{0x00000000a44543f8}: 'void java.lang.invoke.DelegatingMethodHandle$Holder.reinvoke_L(java.lang.Object, java.lang.Object, long)'> (0x00000000a44543f8) 
thrown [s\open\src\hotspot\share\interpreter\linkResolver.cpp, line 774]
Event: 12.239 Thread 0x000002195091a9e0 Exception <a 'java/lang/NoSuchMethodError'{0x00000000a445b4a0}: 'long java.lang.invoke.Invokers$Holder.invokeExact_MT(java.lang.Object, java.lang.Object, java.lang.Object)'> (0x00000000a445b4a0) 
thrown [s\open\src\hotspot\share\interpreter\linkResolver.cpp, line 774]
Event: 12.694 Thread 0x000002195091a9e0 Exception <a 'java/lang/NoSuchMethodError'{0x00000000a3964918}: 'void java.lang.invoke.DirectMethodHandle$Holder.invokeInterface(java.lang.Object, java.lang.Object)'> (0x00000000a3964918) 
thrown [s\open\src\hotspot\share\interpreter\linkResolver.cpp, line 774]
Event: 12.725 Thread 0x000002195091a9e0 Exception <a 'java/lang/NoSuchMethodError'{0x00000000a39f0ef8}: 'java.lang.Object java.lang.invoke.DirectMethodHandle$Holder.invokeStaticInit(java.lang.Object, java.lang.Object, java.lang.Object, java.lang.Object, int, int)'> (0x00000000a39f0ef8) 
thrown [s\open\src\hotspot\share\interpreter\linkResolver.cpp, line 774]
Event: 12.754 Thread 0x000002195091a9e0 Exception <a 'java/lang/NoSuchMethodError'{0x00000000a387edf0}: 'void java.lang.invoke.DirectMethodHandle$Holder.invokeStaticInit(java.lang.Object, java.lang.Object, java.lang.Object, java.lang.Object)'> (0x00000000a387edf0) 
thrown [s\open\src\hotspot\share\interpreter\linkResolver.cpp, line 774]
Event: 12.989 Thread 0x000002195091a9e0 Exception <a 'java/lang/NoSuchMethodError'{0x00000000a5661050}: 'void java.lang.invoke.Invokers$Holder.invokeExact_MT(java.lang.Object, java.lang.Object, java.lang.Object, java.lang.Object)'> (0x00000000a5661050) 
thrown [s\open\src\hotspot\share\interpreter\linkResolver.cpp, line 774]
Event: 13.095 Thread 0x000002195091a9e0 Exception <a 'java/lang/ClassNotFoundException'{0x00000000a55f6348}: java/lang/ObjectCustomizer> (0x00000000a55f6348) 
thrown [s\open\src\hotspot\share\classfile\systemDictionary.cpp, line 255]
Event: 13.096 Thread 0x000002195091a9e0 Exception <a 'java/lang/ClassNotFoundException'{0x00000000a55fd818}: org/springframework/web/servlet/config/annotation/WebMvcConfigurationSupportCustomizer> (0x00000000a55fd818) 
thrown [s\open\src\hotspot\share\classfile\systemDictionary.cpp, line 255]
Event: 13.099 Thread 0x000002195091a9e0 Exception <a 'java/lang/ClassNotFoundException'{0x00000000a5411170}: org/springframework/web/servlet/config/annotation/DelegatingWebMvcConfigurationCustomizer> (0x00000000a5411170) 
thrown [s\open\src\hotspot\share\classfile\systemDictionary.cpp, line 255]
Event: 13.101 Thread 0x000002195091a9e0 Exception <a 'java/lang/ClassNotFoundException'{0x00000000a5419c70}: org/springframework/boot/autoconfigure/web/servlet/WebMvcAutoConfiguration$EnableWebMvcConfigurationCustomizer> (0x00000000a5419c70) 
thrown [s\open\src\hotspot\share\classfile\systemDictionary.cpp, line 255]
Event: 13.104 Thread 0x000002195091a9e0 Exception <a 'java/lang/ClassNotFoundException'{0x00000000a542ca70}: org/springframework/context/ResourceLoaderAwareCustomizer> (0x00000000a542ca70) 
thrown [s\open\src\hotspot\share\classfile\systemDictionary.cpp, line 255]
Event: 13.105 Thread 0x000002195091a9e0 Exception <a 'java/lang/ClassNotFoundException'{0x00000000a5430f78}: org/springframework/beans/factory/AwareCustomizer> (0x00000000a5430f78) 
thrown [s\open\src\hotspot\share\classfile\systemDictionary.cpp, line 255]
Event: 13.106 Thread 0x000002195091a9e0 Exception <a 'java/lang/ClassNotFoundException'{0x00000000a5434898}: org/springframework/context/ApplicationContextAwareCustomizer> (0x00000000a5434898) 
thrown [s\open\src\hotspot\share\classfile\systemDictionary.cpp, line 255]
Event: 13.107 Thread 0x000002195091a9e0 Exception <a 'java/lang/ClassNotFoundException'{0x00000000a5439b30}: org/springframework/beans/factory/AwareCustomizer> (0x00000000a5439b30) 
thrown [s\open\src\hotspot\share\classfile\systemDictionary.cpp, line 255]
Event: 13.108 Thread 0x000002195091a9e0 Exception <a 'java/lang/ClassNotFoundException'{0x00000000a543d428}: org/springframework/web/context/ServletContextAwareCustomizer> (0x00000000a543d428) 
thrown [s\open\src\hotspot\share\classfile\systemDictionary.cpp, line 255]
Event: 13.110 Thread 0x000002195091a9e0 Exception <a 'java/lang/ClassNotFoundException'{0x00000000a5441d68}: org/springframework/beans/factory/AwareCustomizer> (0x00000000a5441d68) 
thrown [s\open\src\hotspot\share\classfile\systemDictionary.cpp, line 255]
Event: 13.116 Thread 0x000002195091a9e0 Exception <a 'java/lang/NoSuchMethodError'{0x00000000a5457b58}: 'java.lang.Object java.lang.invoke.DirectMethodHandle$Holder.newInvokeSpecial(java.lang.Object, java.lang.Object, java.lang.Object, java.lang.Object, java.lang.Object, java.lang.Object, java.lang.Object, java.lang.Object)'> (0x00000000a5457b58) 
thrown [s\open\src\hotspot\share\interpreter\linkResolver.cpp, line 774]
Event: 13.497 Thread 0x000002195091a9e0 Exception <a 'java/lang/NoSuchMethodError'{0x00000000a4d16678}: 'void java.lang.invoke.DirectMethodHandle$Holder.invokeVirtual(java.lang.Object, java.lang.Object, long)'> (0x00000000a4d16678) 
thrown [s\open\src\hotspot\share\interpreter\linkResolver.cpp, line 774]
Event: 13.753 Thread 0x000002195091a9e0 Exception <a 'java/lang/IncompatibleClassChangeError'{0x00000000a4830698}: Found class java.lang.Object, but interface was expected> (0x00000000a4830698) 
thrown [s\open\src\hotspot\share\interpreter\linkResolver.cpp, line 841]

VM Operations (20 events):
Event: 10.861 Executing VM operation: G1PauseRemark
Event: 10.866 Executing VM operation: G1PauseRemark done
Event: 10.883 Executing VM operation: G1PauseCleanup
Event: 10.884 Executing VM operation: G1PauseCleanup done
Event: 11.899 Executing VM operation: Cleanup
Event: 11.899 Executing VM operation: Cleanup done
Event: 12.780 Executing VM operation: G1CollectForAllocation
Event: 12.794 Executing VM operation: G1CollectForAllocation done
Event: 12.832 Executing VM operation: G1CollectForAllocation
Event: 12.843 Executing VM operation: G1CollectForAllocation done
Event: 12.981 Executing VM operation: HandshakeAllThreads
Event: 12.981 Executing VM operation: HandshakeAllThreads done
Event: 13.292 Executing VM operation: HandshakeAllThreads
Event: 13.292 Executing VM operation: HandshakeAllThreads done
Event: 13.532 Executing VM operation: HandshakeAllThreads
Event: 13.532 Executing VM operation: HandshakeAllThreads done
Event: 13.671 Executing VM operation: HandshakeAllThreads
Event: 13.671 Executing VM operation: HandshakeAllThreads done
Event: 13.771 Executing VM operation: HandshakeAllThreads
Event: 13.771 Executing VM operation: HandshakeAllThreads done

Events (20 events):
Event: 0.058 Thread 0x000002194bf081b0 Thread added: 0x000002194bf081b0
Event: 0.058 Thread 0x000002194bf0c440 Thread added: 0x000002194bf0c440
Event: 0.058 Thread 0x000002194bf2d800 Thread added: 0x000002194bf2d800
Event: 0.058 Thread 0x000002194bf33c60 Thread added: 0x000002194bf33c60
Event: 0.058 Thread 0x000002194bf3a190 Thread added: 0x000002194bf3a190
Event: 0.059 Thread 0x000002194bf4ff00 Thread added: 0x000002194bf4ff00
Event: 0.199 Thread 0x00000219501ac840 Thread added: 0x00000219501ac840
Event: 0.493 Thread 0x000002195051baa0 Thread added: 0x000002195051baa0
Event: 0.493 Thread 0x000002195051bfe0 Thread added: 0x000002195051bfe0
Event: 1.554 Thread 0x000002195091a020 Thread added: 0x000002195091a020
Event: 1.568 Thread 0x000002195091a9e0 Thread added: 0x000002195091a9e0
Event: 2.658 Thread 0x0000021950c55f10 Thread added: 0x0000021950c55f10
Event: 3.410 Thread 0x0000021950c55f10 Thread exited: 0x0000021950c55f10
Event: 3.554 Thread 0x00000219510766b0 Thread added: 0x00000219510766b0
Event: 3.664 Thread 0x00000219510766b0 Thread exited: 0x00000219510766b0
Event: 9.572 Thread 0x000002195140bd80 Thread added: 0x000002195140bd80
Event: 9.714 Thread 0x0000021950ad98f0 Thread added: 0x0000021950ad98f0
Event: 9.725 Thread 0x0000021950ad73c0 Thread added: 0x0000021950ad73c0
Event: 9.729 Thread 0x0000021950ad9e40 Thread added: 0x0000021950ad9e40
Event: 9.735 Thread 0x0000021950ad6920 Thread added: 0x0000021950ad6920


Dynamic libraries:
0x00007ff778530000 - 0x00007ff77853e000 	C:\Users\Utente-PC\.jdks\openjdk-19.0.2\bin\java.exe
0x00007ffc6b070000 - 0x00007ffc6b268000 	C:\Windows\SYSTEM32\ntdll.dll
0x00007ffc6af70000 - 0x00007ffc6b02f000 	C:\Windows\System32\KERNEL32.DLL
0x00007ffc68d60000 - 0x00007ffc6903a000 	C:\Windows\System32\KERNELBASE.dll
0x00007ffc68bc0000 - 0x00007ffc68cc0000 	C:\Windows\System32\ucrtbase.dll
0x00007ffc62470000 - 0x00007ffc62487000 	C:\Users\Utente-PC\.jdks\openjdk-19.0.2\bin\jli.dll
0x00007ffc69e50000 - 0x00007ffc69fed000 	C:\Windows\System32\USER32.dll
0x00007ffc68900000 - 0x00007ffc68922000 	C:\Windows\System32\win32u.dll
0x00007ffc6a5c0000 - 0x00007ffc6a5eb000 	C:\Windows\System32\GDI32.dll
0x00007ffc687f0000 - 0x00007ffc68900000 	C:\Windows\System32\gdi32full.dll
0x00007ffc68cc0000 - 0x00007ffc68d5d000 	C:\Windows\System32\msvcp_win.dll
0x00007ffc610c0000 - 0x00007ffc610db000 	C:\Users\Utente-PC\.jdks\openjdk-19.0.2\bin\VCRUNTIME140.dll
0x00007ffc56260000 - 0x00007ffc564fa000 	C:\Windows\WinSxS\amd64_microsoft.windows.common-controls_6595b64144ccf1df_6.0.19041.1110_none_60b5254171f9507e\COMCTL32.dll
0x00007ffc6a490000 - 0x00007ffc6a52e000 	C:\Windows\System32\msvcrt.dll
0x00007ffc6a590000 - 0x00007ffc6a5c0000 	C:\Windows\System32\IMM32.DLL
0x00007ffc640d0000 - 0x00007ffc640dc000 	C:\Users\Utente-PC\.jdks\openjdk-19.0.2\bin\vcruntime140_1.dll
0x00007ffc48f40000 - 0x00007ffc48fce000 	C:\Users\Utente-PC\.jdks\openjdk-19.0.2\bin\msvcp140.dll
0x00007ffc04060000 - 0x00007ffc04d20000 	C:\Users\Utente-PC\.jdks\openjdk-19.0.2\bin\server\jvm.dll
0x00007ffc6a0a0000 - 0x00007ffc6a14e000 	C:\Windows\System32\ADVAPI32.dll
0x00007ffc69c10000 - 0x00007ffc69cac000 	C:\Windows\System32\sechost.dll
0x00007ffc69ae0000 - 0x00007ffc69c06000 	C:\Windows\System32\RPCRT4.dll
0x00007ffc64060000 - 0x00007ffc64069000 	C:\Windows\SYSTEM32\WSOCK32.dll
0x00007ffc69a70000 - 0x00007ffc69adb000 	C:\Windows\System32\WS2_32.dll
0x00007ffc58f20000 - 0x00007ffc58f47000 	C:\Windows\SYSTEM32\WINMM.dll
0x00007ffc59000000 - 0x00007ffc5900a000 	C:\Windows\SYSTEM32\VERSION.dll
0x00007ffc66640000 - 0x00007ffc66652000 	C:\Windows\SYSTEM32\kernel.appcore.dll
0x00007ffc63930000 - 0x00007ffc6393a000 	C:\Users\Utente-PC\.jdks\openjdk-19.0.2\bin\jimage.dll
0x00007ffc57730000 - 0x00007ffc57914000 	C:\Windows\SYSTEM32\DBGHELP.DLL
0x00007ffc570d0000 - 0x00007ffc57104000 	C:\Windows\SYSTEM32\dbgcore.DLL
0x00007ffc69040000 - 0x00007ffc690c2000 	C:\Windows\System32\bcryptPrimitives.dll
0x00007ffc641a0000 - 0x00007ffc641ae000 	C:\Users\Utente-PC\.jdks\openjdk-19.0.2\bin\instrument.dll
0x00007ffc581b0000 - 0x00007ffc581d6000 	C:\Users\Utente-PC\.jdks\openjdk-19.0.2\bin\java.dll
0x00007ffc469c0000 - 0x00007ffc46a97000 	C:\Users\Utente-PC\.jdks\openjdk-19.0.2\bin\jsvml.dll
0x00007ffc6a820000 - 0x00007ffc6af64000 	C:\Windows\System32\SHELL32.dll
0x00007ffc66840000 - 0x00007ffc66fd3000 	C:\Windows\SYSTEM32\windows.storage.dll
0x00007ffc696a0000 - 0x00007ffc699f4000 	C:\Windows\System32\combase.dll
0x00007ffc68100000 - 0x00007ffc6812e000 	C:\Windows\SYSTEM32\Wldp.dll
0x00007ffc69ff0000 - 0x00007ffc6a09d000 	C:\Windows\System32\SHCORE.dll
0x00007ffc6a5f0000 - 0x00007ffc6a645000 	C:\Windows\System32\shlwapi.dll
0x00007ffc686c0000 - 0x00007ffc686df000 	C:\Windows\SYSTEM32\profapi.dll
0x00007ffc53020000 - 0x00007ffc53038000 	C:\Users\Utente-PC\.jdks\openjdk-19.0.2\bin\zip.dll
0x00007ffc54520000 - 0x00007ffc54533000 	C:\Users\Utente-PC\.jdks\openjdk-19.0.2\bin\net.dll
0x00007ffc60030000 - 0x00007ffc6013a000 	C:\Windows\SYSTEM32\WINHTTP.dll
0x00007ffc67e60000 - 0x00007ffc67eca000 	C:\Windows\system32\mswsock.dll
0x00007ffc53ce0000 - 0x00007ffc53cf6000 	C:\Users\Utente-PC\.jdks\openjdk-19.0.2\bin\nio.dll
0x00007ffc62f30000 - 0x00007ffc62f4a000 	C:\Program Files\JetBrains\IntelliJ IDEA Community Edition 2022.2.1\bin\breakgen64.dll
0x00007ffc63210000 - 0x00007ffc63218000 	C:\Users\Utente-PC\.jdks\openjdk-19.0.2\bin\extnet.dll
0x00007ffc621b0000 - 0x00007ffc621c0000 	C:\Users\Utente-PC\.jdks\openjdk-19.0.2\bin\verify.dll
0x00007ffc62940000 - 0x00007ffc6294a000 	C:\Users\Utente-PC\.jdks\openjdk-19.0.2\bin\management.dll
0x00007ffc62930000 - 0x00007ffc6293b000 	C:\Users\Utente-PC\.jdks\openjdk-19.0.2\bin\management_ext.dll
0x00007ffc69d10000 - 0x00007ffc69d18000 	C:\Windows\System32\PSAPI.DLL
0x00007ffc54940000 - 0x00007ffc54957000 	C:\Windows\system32\napinsp.dll
0x00007ffc54920000 - 0x00007ffc5493b000 	C:\Windows\system32\pnrpnsp.dll
0x00007ffc5af50000 - 0x00007ffc5af65000 	C:\Windows\system32\wshbth.dll
0x00007ffc640b0000 - 0x00007ffc640cd000 	C:\Windows\system32\NLAapi.dll
0x00007ffc67b50000 - 0x00007ffc67b8c000 	C:\Windows\SYSTEM32\IPHLPAPI.DLL
0x00007ffc67ba0000 - 0x00007ffc67c6b000 	C:\Windows\SYSTEM32\DNSAPI.dll
0x00007ffc69a60000 - 0x00007ffc69a68000 	C:\Windows\System32\NSI.dll
0x00007ffc53f30000 - 0x00007ffc53f42000 	C:\Windows\System32\winrnr.dll
0x00007ffc5b8d0000 - 0x00007ffc5b8da000 	C:\Windows\System32\rasadhlp.dll
0x00007ffc5c200000 - 0x00007ffc5c280000 	C:\Windows\System32\fwpuclnt.dll
0x00007ffc68a30000 - 0x00007ffc68a57000 	C:\Windows\System32\bcrypt.dll
0x00007ffc68050000 - 0x00007ffc68068000 	C:\Windows\SYSTEM32\CRYPTSP.dll
0x00007ffc67780000 - 0x00007ffc677b4000 	C:\Windows\system32\rsaenh.dll
0x00007ffc68680000 - 0x00007ffc686ae000 	C:\Windows\SYSTEM32\USERENV.dll
0x00007ffc68070000 - 0x00007ffc6807c000 	C:\Windows\SYSTEM32\CRYPTBASE.dll
0x00007ffc603b0000 - 0x00007ffc603c7000 	C:\Windows\SYSTEM32\dhcpcsvc6.DLL
0x00007ffc61640000 - 0x00007ffc6165d000 	C:\Windows\SYSTEM32\dhcpcsvc.DLL
0x00007ffc575f0000 - 0x00007ffc575fe000 	C:\Users\Utente-PC\.jdks\openjdk-19.0.2\bin\sunmscapi.dll
0x00007ffc68a60000 - 0x00007ffc68bb6000 	C:\Windows\System32\CRYPT32.dll
0x00007ffc68170000 - 0x00007ffc68198000 	C:\Windows\SYSTEM32\ncrypt.dll
0x00007ffc68130000 - 0x00007ffc6816b000 	C:\Windows\SYSTEM32\NTASN1.dll

dbghelp: loaded successfully - version: 4.0.5 - missing functions: none
symbol engine: initialized successfully - sym options: 0x614 - pdb path: .;C:\Users\Utente-PC\.jdks\openjdk-19.0.2\bin;C:\Windows\SYSTEM32;C:\Windows\WinSxS\amd64_microsoft.windows.common-controls_6595b64144ccf1df_6.0.19041.1110_none_60b5254171f9507e;C:\Users\Utente-PC\.jdks\openjdk-19.0.2\bin\server;C:\Program Files\JetBrains\IntelliJ IDEA Community Edition 2022.2.1\bin

VM Arguments:
jvm_args: -javaagent:C:\Program Files\JetBrains\IntelliJ IDEA Community Edition 2022.2.1\lib\idea_rt.jar=50671:C:\Program Files\JetBrains\IntelliJ IDEA Community Edition 2022.2.1\bin -Dfile.encoding=UTF-8 -Dsun.stdout.encoding=UTF-8 -Dsun.stderr.encoding=UTF-8 
java_command: co.develhope.mockdb.MockDbApplication
java_class_path (initial): C:\Users\Utente-PC\Documents\Develhope\mock\mock-db\target\classes;C:\Users\Utente-PC\.m2\repository\org\springframework\boot\spring-boot-starter-data-jpa\2.6.6\spring-boot-starter-data-jpa-2.6.6.jar;C:\Users\Utente-PC\.m2\repository\org\springframework\boot\spring-boot-starter-aop\2.6.6\spring-boot-starter-aop-2.6.6.jar;C:\Users\Utente-PC\.m2\repository\org\springframework\spring-aop\5.3.18\spring-aop-5.3.18.jar;C:\Users\Utente-PC\.m2\repository\org\aspectj\aspectjweaver\1.9.7\aspectjweaver-1.9.7.jar;C:\Users\Utente-PC\.m2\repository\org\springframework\boot\spring-boot-starter-jdbc\2.6.6\spring-boot-starter-jdbc-2.6.6.jar;C:\Users\Utente-PC\.m2\repository\com\zaxxer\HikariCP\4.0.3\HikariCP-4.0.3.jar;C:\Users\Utente-PC\.m2\repository\org\springframework\spring-jdbc\5.3.18\spring-jdbc-5.3.18.jar;C:\Users\Utente-PC\.m2\repository\jakarta\transaction\jakarta.transaction-api\1.3.3\jakarta.transaction-api-1.3.3.jar;C:\Users\Utente-PC\.m2\repository\jakarta\persistence\jakarta.persistence-api\2.2.3\jakarta.persistence-api-2.2.3.jar;C:\Users\Utente-PC\.m2\repository\org\hibernate\hibernate-core\5.6.7.Final\hibernate-core-5.6.7.Final.jar;C:\Users\Utente-PC\.m2\repository\org\jboss\logging\jboss-logging\3.4.3.Final\jboss-logging-3.4.3.Final.jar;C:\Users\Utente-PC\.m2\repository\net\bytebuddy\byte-buddy\1.11.22\byte-buddy-1.11.22.jar;C:\Users\Utente-PC\.m2\repository\antlr\antlr\2.7.7\antlr-2.7.7.jar;C:\Users\Utente-PC\.m2\repository\org\jboss\jandex\2.4.2.Final\jandex-2.4.2.Final.jar;C:\Users\Utente-PC\.m2\repository\com\fasterxml\classmate\1.5.1\classmate-1.5.1.jar;C:\Users\Utente-PC\.m2\repository\org\hibernate\common\hibernate-commons-annotations\5.1.2.Final\hibernate-commons-annotations-5.1.2.Final.jar;C:\Users\Utente-PC\.m2\repository\org\glassfish\jaxb\jaxb-runtime\2.3.6\jaxb-runtime-2.3.6.jar;C:\Users\Utente-PC\.m2\repository\org\glassfish\jaxb\txw2\2.3.6\txw2-2.3.6.jar;C:\Users\Utente-PC\.m2\repository\com\sun\istack\istack-commons-runtime\3.0.12\istack-commons-runtime-3.0.12.jar;C:\Users\Utente-PC\.m2\repository\com\sun\activation\jakarta.activation\1.2.2\jakarta.activation-1.2.2.jar;C:\Users\Utente-PC\.m2\repository\org\springframework\data\spring-data-jpa\2.6.3\spring-data-jpa-2.6.3.jar;C:\Users\Utente-PC\.m2\repository\org\springframework\data\spring-data-commons\2.6.3\spring-data-commons-2.6.3.jar;C:\Users\Utente-PC\.m2\repository\org\springframework\spring-orm\5.3.18\spring-orm-5.3.18.jar;C:\Users\Utente-PC\.m2\repository\org\springframework\spring-context\5.3.18\spring-context-5.3.18.jar;C:\Users\Utente-PC\.m2\repository\org\springframework\spring-tx\5.3.18\spring-tx-5.3.18.jar;C:\Users\Utente-PC\.m2\repository\org\springframework\spring-beans\5.3.18\spring-beans-5.3.18.jar;C:\Users\Utente-PC\.m2\repository\org\slf4j\slf4j-api\1.7.36\slf4j-api-1.7.36.jar;C:\Users\Utente-PC\.m2\repository\org\springframework\spring-aspects\5.3.18\spring-aspects-5.3.18.jar;C:\Users\Utente-PC\.m2\repository\org\springframework\boot\spring-boot-starter-web\2.6.6\spring-boot-starter-web-2.6.6.jar;C:\Users\Utente-PC\.m2\repository\org\springframework\boot\spring-boot-starter\2.6.6\spring-boot-starter-2.6.6.jar;C:\Users\Utente-PC\.m2\repository\org\springframework\boot\spring-boot-starter-logging\2.6.6\spring-boot-starter-logging-2.6.6.jar;C:\Users\Utente-PC\.m2\repository\ch\qos\logback\logback-classic\1.2.11\logback-classic-1.2.11.jar;C:\Users\Utente-PC\.m2\repository\ch\qos\logback\logback-core\1.2.11\logback-core-1.2.11.jar;C:\Users\Utente-PC\.m2\repository\org\apache\logging\log4j\log4j-to-slf4j\2.17.2\log4j-to-slf4j-2.17.2.jar;C:\Users\Utente-PC\.m2\repository\org\apache\logging\log4j\log4j-api\2.17.2\log4j-api-2.17.2.jar;C:\Users\Utente-PC\.m2\repository\org\slf4j\jul-to-slf4j\1.7.36\jul-to-slf4j-1.7.36.jar;C:\Users\Utente-PC\.m2\repository\jakarta\annotation\jakarta.annotation-api\1.3.5\jakarta.annotation-api-1.3.5.jar;C:\Users\Utente-PC\.m2\repository\org\yaml\snakeyaml\1.29\snakeyaml-1.29.jar;C:\Users\Utente-PC\.m2\repository\org\springframework\boot\spring-boot-starter-json\2.6.6\spring-boot-starter-json-2.6.6.jar;C:\Users\Utente-PC\.m2\repository\com\fasterxml\jackson\core\jackson-databind\2.13.2.2\jackson-databind-2.13.2.2.jar;C:\Users\Utente-PC\.m2\repository\com\fasterxml\jackson\core\jackson-annotations\2.13.2\jackson-annotations-2.13.2.jar;C:\Users\Utente-PC\.m2\repository\com\fasterxml\jackson\core\jackson-core\2.13.2\jackson-core-2.13.2.jar;C:\Users\Utente-PC\.m2\repository\com\fasterxml\jackson\datatype\jackson-datatype-jdk8\2.13.2\jackson-datatype-jdk8-2.13.2.jar;C:\Users\Utente-PC\.m2\repository\com\fasterxml\jackson\datatype\jackson-datatype-jsr310\2.13.2\jackson-datatype-jsr310-2.13.2.jar;C:\Users\Utente-PC\.m2\repository\com\fasterxml\jackson\module\jackson-module-parameter-names\2.13.2\jackson-module-parameter-names-2.13.2.jar;C:\Users\Utente-PC\.m2\repository\org\springframework\boot\spring-boot-starter-tomcat\2.6.6\spring-boot-starter-tomcat-2.6.6.jar;C:\Users\Utente-PC\.m2\repository\org\apache\tomcat\embed\tomcat-embed-core\9.0.60\tomcat-embed-core-9.0.60.jar;C:\Users\Utente-PC\.m2\repository\org\apache\tomcat\embed\tomcat-embed-el\9.0.60\tomcat-embed-el-9.0.60.jar;C:\Users\Utente-PC\.m2\repository\org\apache\tomcat\embed\tomcat-embed-websocket\9.0.60\tomcat-embed-websocket-9.0.60.jar;C:\Users\Utente-PC\.m2\repository\org\springframework\spring-web\5.3.18\spring-web-5.3.18.jar;C:\Users\Utente-PC\.m2\repository\org\springframework\spring-webmvc\5.3.18\spring-webmvc-5.3.18.jar;C:\Users\Utente-PC\.m2\repository\org\springframework\spring-expression\5.3.18\spring-expression-5.3.18.jar;C:\Users\Utente-PC\.m2\repository\org\springframework\boot\spring-boot-devtools\2.6.6\spring-boot-devtools-2.6.6.jar;C:\Users\Utente-PC\.m2\repository\org\springframework\boot\spring-boot\2.6.6\spring-boot-2.6.6.jar;C:\Users\Utente-PC\.m2\repository\org\springframework\boot\spring-boot-autoconfigure\2.6.6\spring-boot-autoconfigure-2.6.6.jar;C:\Users\Utente-PC\.m2\repository\com\h2database\h2\1.4.200\h2-1.4.200.jar;C:\Users\Utente-PC\.m2\repository\org\projectlombok\lombok\1.18.22\lombok-1.18.22.jar;C:\Users\Utente-PC\.m2\repository\jakarta\xml\bind\jakarta.xml.bind-api\2.3.3\jakarta.xml.bind-api-2.3.3.jar;C:\Users\Utente-PC\.m2\repository\jakarta\activation\jakarta.activation-api\1.2.2\jakarta.activation-api-1.2.2.jar;C:\Users\Utente-PC\.m2\repository\org\springframework\spring-core\5.3.18\spring-core-5.3.18.jar;C:\Users\Utente-PC\.m2\repository\org\springframework\spring-jcl\5.3.18\spring-jcl-5.3.18.jar
Launcher Type: SUN_STANDARD

[Global flags]
     intx CICompilerCount                          = 2                                         {product} {ergonomic}
     uint ConcGCThreads                            = 1                                         {product} {ergonomic}
     uint G1ConcRefinementThreads                  = 2                                         {product} {ergonomic}
   size_t G1HeapRegionSize                         = 1048576                                   {product} {ergonomic}
    uintx GCDrainStackTargetSize                   = 64                                        {product} {ergonomic}
   size_t InitialHeapSize                          = 100663296                                 {product} {ergonomic}
   size_t MarkStackSize                            = 4194304                                   {product} {ergonomic}
   size_t MaxHeapSize                              = 1583349760                                {product} {ergonomic}
   size_t MaxNewSize                               = 950009856                                 {product} {ergonomic}
   size_t MinHeapDeltaBytes                        = 1048576                                   {product} {ergonomic}
   size_t MinHeapSize                              = 8388608                                   {product} {ergonomic}
    uintx NonNMethodCodeHeapSize                   = 5826188                                {pd product} {ergonomic}
    uintx NonProfiledCodeHeapSize                  = 122916026                              {pd product} {ergonomic}
    uintx ProfiledCodeHeapSize                     = 122916026                              {pd product} {ergonomic}
    uintx ReservedCodeCacheSize                    = 251658240                              {pd product} {ergonomic}
     bool SegmentedCodeCache                       = true                                      {product} {ergonomic}
   size_t SoftMaxHeapSize                          = 1583349760                             {manageable} {ergonomic}
     bool UseCompressedClassPointers               = true                           {product lp64_product} {ergonomic}
     bool UseCompressedOops                        = true                           {product lp64_product} {ergonomic}
     bool UseG1GC                                  = true                                      {product} {ergonomic}
     bool UseLargePagesIndividualAllocation        = false                                  {pd product} {ergonomic}

Logging:
Log output configuration:
 #0: stdout all=warning uptime,level,tags foldmultilines=false
 #1: stderr all=off uptime,level,tags foldmultilines=false

Environment Variables:
PATH=C:\Program Files\Common Files\Oracle\Java\javapath;C:\Program Files (x86)\NVIDIA Corporation\PhysX\Common;C:\Windows\system32;C:\Windows;C:\Windows\System32\Wbem;C:\Windows\System32\WindowsPowerShell\v1.0\;C:\Program Files\nodejs\;C:\Program Files\Git\cmd;C:\Program Files\MySQL\MySQL Shell 8.0\bin\;C:\Users\Utente-PC\AppData\Local\Microsoft\WindowsApps;;C:\Users\Utente-PC\AppData\Local\Programs\Microsoft VS Code\bin;C:\Users\Utente-PC\AppData\Roaming\npm
USERNAME=Utente-PC
OS=Windows_NT
PROCESSOR_IDENTIFIER=Intel64 Family 6 Model 42 Stepping 7, GenuineIntel
TMP=C:\Users\UTENTE~1\AppData\Local\Temp
TEMP=C:\Users\UTENTE~1\AppData\Local\Temp



---------------  S Y S T E M  ---------------

OS:
 Windows 10 , 64 bit Build 19041 (10.0.19041.2788)
OS uptime: 0 days 4:25 hours

CPU: total 2 (initial active 2) (2 cores per cpu, 1 threads per core) family 6 model 42 stepping 7 microcode 0x2f, cx8, cmov, fxsr, mmx, sse, sse2, sse3, ssse3, sse4.1, sse4.2, popcnt, tsc, tscinvbit, clmul, clflush, rdtscp

Memory: 4k page, system-wide physical 6033M (506M free)
TotalPageFile size 6033M (AvailPageFile size 5M)
current process WorkingSet (physical memory assigned to process): 207M, peak: 208M
current process commit charge ("private bytes"): 235M, peak: 237M

vm_info: OpenJDK 64-Bit Server VM (19.0.2+7-44) for windows-amd64 JRE (19.0.2+7-44), built on 2022-11-30T18:02:09Z by "mach5one" with MS VC++ 17.1 (VS2022)

END.
